This file contains any messages produced by compilers while
running configure, to aid debugging if configure makes a mistake.

It was created by DSPSR configure 2016-06+, which was
generated by GNU Autoconf 2.69.  Invocation command line was

  $ ./configure --prefix=/usr/local/kat/pulsar/linux_64

## --------- ##
## Platform. ##
## --------- ##

hostname = 11687faae091
uname -m = x86_64
uname -r = 3.13.0-88-generic
uname -s = Linux
uname -v = #135-Ubuntu SMP Wed Jun 8 21:10:42 UTC 2016

/usr/bin/uname -p = unknown
/bin/uname -X     = unknown

/bin/arch              = unknown
/usr/bin/arch -k       = unknown
/usr/convex/getsysinfo = unknown
/usr/bin/hostinfo      = unknown
/bin/machine           = unknown
/usr/bin/oslevel       = unknown
/bin/universe          = unknown

PATH: /home/kat/ve/bin
PATH: /home/kat/bin
PATH: /usr/local/sbin
PATH: /usr/local/bin
PATH: /usr/sbin
PATH: /usr/bin
PATH: /sbin
PATH: /bin
PATH: /usr/local/cuda/bin
PATH: /usr/local/kat/pulsar/psrcat_tar
PATH: /usr/local/kat/pulsar/linux_64/tempo2/bin
PATH: /usr/local/kat/pulsar/linux_64/bin
PATH: /usr/local/kat/pulsar/psrcat_tar
PATH: /usr/local/kat/pulsar/tempo2/T2runtime/bin
PATH: /usr/local/kat/pulsar/include/


## ----------- ##
## Core tests. ##
## ----------- ##

configure:2799: checking for a BSD-compatible install
configure:2867: result: /usr/bin/install -c
configure:2878: checking whether build environment is sane
configure:2933: result: yes
configure:3084: checking for a thread-safe mkdir -p
configure:3123: result: /bin/mkdir -p
configure:3130: checking for gawk
configure:3160: result: no
configure:3130: checking for mawk
configure:3146: found /usr/bin/mawk
configure:3157: result: mawk
configure:3168: checking whether make sets $(MAKE)
configure:3190: result: yes
configure:3219: checking whether make supports nested variables
configure:3236: result: yes
configure:3405: Selected formats: dada caspsr ska1 bpsr fits sigproc cpsr2 kat gmrt
configure:4407: checking for style of include used by make
configure:4435: result: GNU
configure:4506: checking for gcc
configure:4522: found /usr/bin/gcc
configure:4533: result: gcc
configure:4762: checking for C compiler version
configure:4771: gcc --version >&5
gcc (Ubuntu 4.8.4-2ubuntu1~14.04.3) 4.8.4
Copyright (C) 2013 Free Software Foundation, Inc.
This is free software; see the source for copying conditions.  There is NO
warranty; not even for MERCHANTABILITY or FITNESS FOR A PARTICULAR PURPOSE.

configure:4782: $? = 0
configure:4771: gcc -v >&5
Using built-in specs.
COLLECT_GCC=gcc
COLLECT_LTO_WRAPPER=/usr/lib/gcc/x86_64-linux-gnu/4.8/lto-wrapper
Target: x86_64-linux-gnu
Configured with: ../src/configure -v --with-pkgversion='Ubuntu 4.8.4-2ubuntu1~14.04.3' --with-bugurl=file:///usr/share/doc/gcc-4.8/README.Bugs --enable-languages=c,c++,java,go,d,fortran,objc,obj-c++ --prefix=/usr --program-suffix=-4.8 --enable-shared --enable-linker-build-id --libexecdir=/usr/lib --without-included-gettext --enable-threads=posix --with-gxx-include-dir=/usr/include/c++/4.8 --libdir=/usr/lib --enable-nls --with-sysroot=/ --enable-clocale=gnu --enable-libstdcxx-debug --enable-libstdcxx-time=yes --enable-gnu-unique-object --disable-libmudflap --enable-plugin --with-system-zlib --disable-browser-plugin --enable-java-awt=gtk --enable-gtk-cairo --with-java-home=/usr/lib/jvm/java-1.5.0-gcj-4.8-amd64/jre --enable-java-home --with-jvm-root-dir=/usr/lib/jvm/java-1.5.0-gcj-4.8-amd64 --with-jvm-jar-dir=/usr/lib/jvm-exports/java-1.5.0-gcj-4.8-amd64 --with-arch-directory=amd64 --with-ecj-jar=/usr/share/java/eclipse-ecj.jar --enable-objc-gc --enable-multiarch --disable-werror --with-arch-32=i686 --with-abi=m64 --with-multilib-list=m32,m64,mx32 --with-tune=generic --enable-checking=release --build=x86_64-linux-gnu --host=x86_64-linux-gnu --target=x86_64-linux-gnu
Thread model: posix
gcc version 4.8.4 (Ubuntu 4.8.4-2ubuntu1~14.04.3) 
configure:4782: $? = 0
configure:4771: gcc -V >&5
gcc: error: unrecognized command line option '-V'
gcc: fatal error: no input files
compilation terminated.
configure:4782: $? = 4
configure:4771: gcc -qversion >&5
gcc: error: unrecognized command line option '-qversion'
gcc: fatal error: no input files
compilation terminated.
configure:4782: $? = 4
configure:4802: checking whether the C compiler works
configure:4824: gcc -lstdc++   conftest.c  >&5
configure:4828: $? = 0
configure:4876: result: yes
configure:4879: checking for C compiler default output file name
configure:4881: result: a.out
configure:4887: checking for suffix of executables
configure:4894: gcc -o conftest -lstdc++   conftest.c  >&5
configure:4898: $? = 0
configure:4920: result: 
configure:4942: checking whether we are cross compiling
configure:4950: gcc -o conftest -lstdc++   conftest.c  >&5
configure:4954: $? = 0
configure:4961: ./conftest
configure:4965: $? = 0
configure:4980: result: no
configure:4985: checking for suffix of object files
configure:5007: gcc -c -lstdc++  conftest.c >&5
configure:5011: $? = 0
configure:5032: result: o
configure:5036: checking whether we are using the GNU C compiler
configure:5055: gcc -c -lstdc++  conftest.c >&5
configure:5055: $? = 0
configure:5064: result: yes
configure:5073: checking whether gcc accepts -g
configure:5093: gcc -c -g  conftest.c >&5
configure:5093: $? = 0
configure:5134: result: yes
configure:5151: checking for gcc option to accept ISO C89
configure:5214: gcc  -c -lstdc++  conftest.c >&5
configure:5214: $? = 0
configure:5227: result: none needed
configure:5252: checking whether gcc understands -c and -o together
configure:5274: gcc -c conftest.c -o conftest2.o
configure:5277: $? = 0
configure:5274: gcc -c conftest.c -o conftest2.o
configure:5277: $? = 0
configure:5289: result: yes
configure:5308: checking dependency style of gcc
configure:5419: result: gcc3
configure:5442: checking for special C compiler options needed for large files
configure:5487: result: no
configure:5493: checking for _FILE_OFFSET_BITS value needed for large files
configure:5518: gcc -c -lstdc++  conftest.c >&5
configure:5518: $? = 0
configure:5550: result: no
configure:5642: checking how to run the C preprocessor
configure:5673: gcc -E  conftest.c
configure:5673: $? = 0
configure:5687: gcc -E  conftest.c
conftest.c:20:28: fatal error: ac_nonexistent.h: No such file or directory
 #include <ac_nonexistent.h>
                            ^
compilation terminated.
configure:5687: $? = 1
configure: failed program was:
| /* confdefs.h */
| #define PACKAGE_NAME "DSPSR"
| #define PACKAGE_TARNAME "dspsr"
| #define PACKAGE_VERSION "2016-06+"
| #define PACKAGE_STRING "DSPSR 2016-06+"
| #define PACKAGE_BUGREPORT "dspsr-developers@lists.sourceforge.net"
| #define PACKAGE_URL ""
| #define PACKAGE "dspsr"
| #define VERSION "2016-06+"
| #define HAVE_bpsr 1
| #define HAVE_caspsr 1
| #define HAVE_cpsr2 1
| #define HAVE_dada 1
| #define HAVE_fits 1
| #define HAVE_gmrt 1
| #define HAVE_kat 1
| #define HAVE_sigproc 1
| #define HAVE_ska1 1
| /* end confdefs.h.  */
| #include <ac_nonexistent.h>
configure:5712: result: gcc -E
configure:5732: gcc -E  conftest.c
configure:5732: $? = 0
configure:5746: gcc -E  conftest.c
conftest.c:20:28: fatal error: ac_nonexistent.h: No such file or directory
 #include <ac_nonexistent.h>
                            ^
compilation terminated.
configure:5746: $? = 1
configure: failed program was:
| /* confdefs.h */
| #define PACKAGE_NAME "DSPSR"
| #define PACKAGE_TARNAME "dspsr"
| #define PACKAGE_VERSION "2016-06+"
| #define PACKAGE_STRING "DSPSR 2016-06+"
| #define PACKAGE_BUGREPORT "dspsr-developers@lists.sourceforge.net"
| #define PACKAGE_URL ""
| #define PACKAGE "dspsr"
| #define VERSION "2016-06+"
| #define HAVE_bpsr 1
| #define HAVE_caspsr 1
| #define HAVE_cpsr2 1
| #define HAVE_dada 1
| #define HAVE_fits 1
| #define HAVE_gmrt 1
| #define HAVE_kat 1
| #define HAVE_sigproc 1
| #define HAVE_ska1 1
| /* end confdefs.h.  */
| #include <ac_nonexistent.h>
configure:5775: checking for grep that handles long lines and -e
configure:5833: result: /bin/grep
configure:5838: checking for egrep
configure:5900: result: /bin/grep -E
configure:5905: checking for ANSI C header files
configure:5925: gcc -c -lstdc++  conftest.c >&5
configure:5925: $? = 0
configure:5998: gcc -o conftest -lstdc++   conftest.c  >&5
configure:5998: $? = 0
configure:5998: ./conftest
configure:5998: $? = 0
configure:6009: result: yes
configure:6022: checking for sys/types.h
configure:6022: gcc -c -lstdc++  conftest.c >&5
configure:6022: $? = 0
configure:6022: result: yes
configure:6022: checking for sys/stat.h
configure:6022: gcc -c -lstdc++  conftest.c >&5
configure:6022: $? = 0
configure:6022: result: yes
configure:6022: checking for stdlib.h
configure:6022: gcc -c -lstdc++  conftest.c >&5
configure:6022: $? = 0
configure:6022: result: yes
configure:6022: checking for string.h
configure:6022: gcc -c -lstdc++  conftest.c >&5
configure:6022: $? = 0
configure:6022: result: yes
configure:6022: checking for memory.h
configure:6022: gcc -c -lstdc++  conftest.c >&5
configure:6022: $? = 0
configure:6022: result: yes
configure:6022: checking for strings.h
configure:6022: gcc -c -lstdc++  conftest.c >&5
configure:6022: $? = 0
configure:6022: result: yes
configure:6022: checking for inttypes.h
configure:6022: gcc -c -lstdc++  conftest.c >&5
configure:6022: $? = 0
configure:6022: result: yes
configure:6022: checking for stdint.h
configure:6022: gcc -c -lstdc++  conftest.c >&5
configure:6022: $? = 0
configure:6022: result: yes
configure:6022: checking for unistd.h
configure:6022: gcc -c -lstdc++  conftest.c >&5
configure:6022: $? = 0
configure:6022: result: yes
configure:6034: checking whether byte ordering is bigendian
configure:6049: gcc -c -lstdc++  conftest.c >&5
conftest.c:31:9: error: unknown type name 'not'
         not a universal capable compiler
         ^
conftest.c:31:15: error: expected '=', ',', ';', 'asm' or '__attribute__' before 'universal'
         not a universal capable compiler
               ^
conftest.c:31:15: error: unknown type name 'universal'
configure:6049: $? = 1
configure: failed program was:
| /* confdefs.h */
| #define PACKAGE_NAME "DSPSR"
| #define PACKAGE_TARNAME "dspsr"
| #define PACKAGE_VERSION "2016-06+"
| #define PACKAGE_STRING "DSPSR 2016-06+"
| #define PACKAGE_BUGREPORT "dspsr-developers@lists.sourceforge.net"
| #define PACKAGE_URL ""
| #define PACKAGE "dspsr"
| #define VERSION "2016-06+"
| #define HAVE_bpsr 1
| #define HAVE_caspsr 1
| #define HAVE_cpsr2 1
| #define HAVE_dada 1
| #define HAVE_fits 1
| #define HAVE_gmrt 1
| #define HAVE_kat 1
| #define HAVE_sigproc 1
| #define HAVE_ska1 1
| #define STDC_HEADERS 1
| #define HAVE_SYS_TYPES_H 1
| #define HAVE_SYS_STAT_H 1
| #define HAVE_STDLIB_H 1
| #define HAVE_STRING_H 1
| #define HAVE_MEMORY_H 1
| #define HAVE_STRINGS_H 1
| #define HAVE_INTTYPES_H 1
| #define HAVE_STDINT_H 1
| #define HAVE_UNISTD_H 1
| /* end confdefs.h.  */
| #ifndef __APPLE_CC__
| 	       not a universal capable compiler
| 	     #endif
| 	     typedef int dummy;
| 
configure:6094: gcc -c -lstdc++  conftest.c >&5
configure:6094: $? = 0
configure:6112: gcc -c -lstdc++  conftest.c >&5
conftest.c: In function 'main':
conftest.c:37:4: error: unknown type name 'not'
    not big endian
    ^
conftest.c:37:12: error: expected '=', ',', ';', 'asm' or '__attribute__' before 'endian'
    not big endian
            ^
configure:6112: $? = 1
configure: failed program was:
| /* confdefs.h */
| #define PACKAGE_NAME "DSPSR"
| #define PACKAGE_TARNAME "dspsr"
| #define PACKAGE_VERSION "2016-06+"
| #define PACKAGE_STRING "DSPSR 2016-06+"
| #define PACKAGE_BUGREPORT "dspsr-developers@lists.sourceforge.net"
| #define PACKAGE_URL ""
| #define PACKAGE "dspsr"
| #define VERSION "2016-06+"
| #define HAVE_bpsr 1
| #define HAVE_caspsr 1
| #define HAVE_cpsr2 1
| #define HAVE_dada 1
| #define HAVE_fits 1
| #define HAVE_gmrt 1
| #define HAVE_kat 1
| #define HAVE_sigproc 1
| #define HAVE_ska1 1
| #define STDC_HEADERS 1
| #define HAVE_SYS_TYPES_H 1
| #define HAVE_SYS_STAT_H 1
| #define HAVE_STDLIB_H 1
| #define HAVE_STRING_H 1
| #define HAVE_MEMORY_H 1
| #define HAVE_STRINGS_H 1
| #define HAVE_INTTYPES_H 1
| #define HAVE_STDINT_H 1
| #define HAVE_UNISTD_H 1
| /* end confdefs.h.  */
| #include <sys/types.h>
| 		#include <sys/param.h>
| 
| int
| main ()
| {
| #if BYTE_ORDER != BIG_ENDIAN
| 		 not big endian
| 		#endif
| 
|   ;
|   return 0;
| }
configure:6240: result: no
configure:6318: checking for g++
configure:6334: found /usr/bin/g++
configure:6345: result: g++
configure:6372: checking for C++ compiler version
configure:6381: g++ --version >&5
g++ (Ubuntu 4.8.4-2ubuntu1~14.04.3) 4.8.4
Copyright (C) 2013 Free Software Foundation, Inc.
This is free software; see the source for copying conditions.  There is NO
warranty; not even for MERCHANTABILITY or FITNESS FOR A PARTICULAR PURPOSE.

configure:6392: $? = 0
configure:6381: g++ -v >&5
Using built-in specs.
COLLECT_GCC=g++
COLLECT_LTO_WRAPPER=/usr/lib/gcc/x86_64-linux-gnu/4.8/lto-wrapper
Target: x86_64-linux-gnu
Configured with: ../src/configure -v --with-pkgversion='Ubuntu 4.8.4-2ubuntu1~14.04.3' --with-bugurl=file:///usr/share/doc/gcc-4.8/README.Bugs --enable-languages=c,c++,java,go,d,fortran,objc,obj-c++ --prefix=/usr --program-suffix=-4.8 --enable-shared --enable-linker-build-id --libexecdir=/usr/lib --without-included-gettext --enable-threads=posix --with-gxx-include-dir=/usr/include/c++/4.8 --libdir=/usr/lib --enable-nls --with-sysroot=/ --enable-clocale=gnu --enable-libstdcxx-debug --enable-libstdcxx-time=yes --enable-gnu-unique-object --disable-libmudflap --enable-plugin --with-system-zlib --disable-browser-plugin --enable-java-awt=gtk --enable-gtk-cairo --with-java-home=/usr/lib/jvm/java-1.5.0-gcj-4.8-amd64/jre --enable-java-home --with-jvm-root-dir=/usr/lib/jvm/java-1.5.0-gcj-4.8-amd64 --with-jvm-jar-dir=/usr/lib/jvm-exports/java-1.5.0-gcj-4.8-amd64 --with-arch-directory=amd64 --with-ecj-jar=/usr/share/java/eclipse-ecj.jar --enable-objc-gc --enable-multiarch --disable-werror --with-arch-32=i686 --with-abi=m64 --with-multilib-list=m32,m64,mx32 --with-tune=generic --enable-checking=release --build=x86_64-linux-gnu --host=x86_64-linux-gnu --target=x86_64-linux-gnu
Thread model: posix
gcc version 4.8.4 (Ubuntu 4.8.4-2ubuntu1~14.04.3) 
configure:6392: $? = 0
configure:6381: g++ -V >&5
g++: error: unrecognized command line option '-V'
g++: fatal error: no input files
compilation terminated.
configure:6392: $? = 4
configure:6381: g++ -qversion >&5
g++: error: unrecognized command line option '-qversion'
g++: fatal error: no input files
compilation terminated.
configure:6392: $? = 4
configure:6396: checking whether we are using the GNU C++ compiler
configure:6415: g++ -c -mtune=native -O3 -ffast-math -pthread  conftest.cpp >&5
configure:6415: $? = 0
configure:6424: result: yes
configure:6433: checking whether g++ accepts -g
configure:6453: g++ -c -g  conftest.cpp >&5
configure:6453: $? = 0
configure:6494: result: yes
configure:6519: checking dependency style of g++
configure:6630: result: gcc3
configure:6650: checking how to run the C++ preprocessor
configure:6677: g++ -E  conftest.cpp
configure:6677: $? = 0
configure:6691: g++ -E  conftest.cpp
conftest.cpp:30:28: fatal error: ac_nonexistent.h: No such file or directory
 #include <ac_nonexistent.h>
                            ^
compilation terminated.
configure:6691: $? = 1
configure: failed program was:
| /* confdefs.h */
| #define PACKAGE_NAME "DSPSR"
| #define PACKAGE_TARNAME "dspsr"
| #define PACKAGE_VERSION "2016-06+"
| #define PACKAGE_STRING "DSPSR 2016-06+"
| #define PACKAGE_BUGREPORT "dspsr-developers@lists.sourceforge.net"
| #define PACKAGE_URL ""
| #define PACKAGE "dspsr"
| #define VERSION "2016-06+"
| #define HAVE_bpsr 1
| #define HAVE_caspsr 1
| #define HAVE_cpsr2 1
| #define HAVE_dada 1
| #define HAVE_fits 1
| #define HAVE_gmrt 1
| #define HAVE_kat 1
| #define HAVE_sigproc 1
| #define HAVE_ska1 1
| #define STDC_HEADERS 1
| #define HAVE_SYS_TYPES_H 1
| #define HAVE_SYS_STAT_H 1
| #define HAVE_STDLIB_H 1
| #define HAVE_STRING_H 1
| #define HAVE_MEMORY_H 1
| #define HAVE_STRINGS_H 1
| #define HAVE_INTTYPES_H 1
| #define HAVE_STDINT_H 1
| #define HAVE_UNISTD_H 1
| /* end confdefs.h.  */
| #include <ac_nonexistent.h>
configure:6716: result: g++ -E
configure:6736: g++ -E  conftest.cpp
configure:6736: $? = 0
configure:6750: g++ -E  conftest.cpp
conftest.cpp:30:28: fatal error: ac_nonexistent.h: No such file or directory
 #include <ac_nonexistent.h>
                            ^
compilation terminated.
configure:6750: $? = 1
configure: failed program was:
| /* confdefs.h */
| #define PACKAGE_NAME "DSPSR"
| #define PACKAGE_TARNAME "dspsr"
| #define PACKAGE_VERSION "2016-06+"
| #define PACKAGE_STRING "DSPSR 2016-06+"
| #define PACKAGE_BUGREPORT "dspsr-developers@lists.sourceforge.net"
| #define PACKAGE_URL ""
| #define PACKAGE "dspsr"
| #define VERSION "2016-06+"
| #define HAVE_bpsr 1
| #define HAVE_caspsr 1
| #define HAVE_cpsr2 1
| #define HAVE_dada 1
| #define HAVE_fits 1
| #define HAVE_gmrt 1
| #define HAVE_kat 1
| #define HAVE_sigproc 1
| #define HAVE_ska1 1
| #define STDC_HEADERS 1
| #define HAVE_SYS_TYPES_H 1
| #define HAVE_SYS_STAT_H 1
| #define HAVE_STDLIB_H 1
| #define HAVE_STRING_H 1
| #define HAVE_MEMORY_H 1
| #define HAVE_STRINGS_H 1
| #define HAVE_INTTYPES_H 1
| #define HAVE_STDINT_H 1
| #define HAVE_UNISTD_H 1
| /* end confdefs.h.  */
| #include <ac_nonexistent.h>
configure:6826: checking for gcc
configure:6853: result: gcc
configure:7082: checking for C compiler version
configure:7091: gcc --version >&5
gcc (Ubuntu 4.8.4-2ubuntu1~14.04.3) 4.8.4
Copyright (C) 2013 Free Software Foundation, Inc.
This is free software; see the source for copying conditions.  There is NO
warranty; not even for MERCHANTABILITY or FITNESS FOR A PARTICULAR PURPOSE.

configure:7102: $? = 0
configure:7091: gcc -v >&5
Using built-in specs.
COLLECT_GCC=gcc
COLLECT_LTO_WRAPPER=/usr/lib/gcc/x86_64-linux-gnu/4.8/lto-wrapper
Target: x86_64-linux-gnu
Configured with: ../src/configure -v --with-pkgversion='Ubuntu 4.8.4-2ubuntu1~14.04.3' --with-bugurl=file:///usr/share/doc/gcc-4.8/README.Bugs --enable-languages=c,c++,java,go,d,fortran,objc,obj-c++ --prefix=/usr --program-suffix=-4.8 --enable-shared --enable-linker-build-id --libexecdir=/usr/lib --without-included-gettext --enable-threads=posix --with-gxx-include-dir=/usr/include/c++/4.8 --libdir=/usr/lib --enable-nls --with-sysroot=/ --enable-clocale=gnu --enable-libstdcxx-debug --enable-libstdcxx-time=yes --enable-gnu-unique-object --disable-libmudflap --enable-plugin --with-system-zlib --disable-browser-plugin --enable-java-awt=gtk --enable-gtk-cairo --with-java-home=/usr/lib/jvm/java-1.5.0-gcj-4.8-amd64/jre --enable-java-home --with-jvm-root-dir=/usr/lib/jvm/java-1.5.0-gcj-4.8-amd64 --with-jvm-jar-dir=/usr/lib/jvm-exports/java-1.5.0-gcj-4.8-amd64 --with-arch-directory=amd64 --with-ecj-jar=/usr/share/java/eclipse-ecj.jar --enable-objc-gc --enable-multiarch --disable-werror --with-arch-32=i686 --with-abi=m64 --with-multilib-list=m32,m64,mx32 --with-tune=generic --enable-checking=release --build=x86_64-linux-gnu --host=x86_64-linux-gnu --target=x86_64-linux-gnu
Thread model: posix
gcc version 4.8.4 (Ubuntu 4.8.4-2ubuntu1~14.04.3) 
configure:7102: $? = 0
configure:7091: gcc -V >&5
gcc: error: unrecognized command line option '-V'
gcc: fatal error: no input files
compilation terminated.
configure:7102: $? = 4
configure:7091: gcc -qversion >&5
gcc: error: unrecognized command line option '-qversion'
gcc: fatal error: no input files
compilation terminated.
configure:7102: $? = 4
configure:7106: checking whether we are using the GNU C compiler
configure:7134: result: yes
configure:7143: checking whether gcc accepts -g
configure:7204: result: yes
configure:7221: checking for gcc option to accept ISO C89
configure:7297: result: none needed
configure:7322: checking whether gcc understands -c and -o together
configure:7359: result: yes
configure:7378: checking dependency style of gcc
configure:7489: result: gcc3
configure:7509: checking how to run the C preprocessor
configure:7579: result: gcc -E
configure:7599: gcc -E  conftest.c
configure:7599: $? = 0
configure:7613: gcc -E  conftest.c
conftest.c:30:28: fatal error: ac_nonexistent.h: No such file or directory
 #include <ac_nonexistent.h>
                            ^
compilation terminated.
configure:7613: $? = 1
configure: failed program was:
| /* confdefs.h */
| #define PACKAGE_NAME "DSPSR"
| #define PACKAGE_TARNAME "dspsr"
| #define PACKAGE_VERSION "2016-06+"
| #define PACKAGE_STRING "DSPSR 2016-06+"
| #define PACKAGE_BUGREPORT "dspsr-developers@lists.sourceforge.net"
| #define PACKAGE_URL ""
| #define PACKAGE "dspsr"
| #define VERSION "2016-06+"
| #define HAVE_bpsr 1
| #define HAVE_caspsr 1
| #define HAVE_cpsr2 1
| #define HAVE_dada 1
| #define HAVE_fits 1
| #define HAVE_gmrt 1
| #define HAVE_kat 1
| #define HAVE_sigproc 1
| #define HAVE_ska1 1
| #define STDC_HEADERS 1
| #define HAVE_SYS_TYPES_H 1
| #define HAVE_SYS_STAT_H 1
| #define HAVE_STDLIB_H 1
| #define HAVE_STRING_H 1
| #define HAVE_MEMORY_H 1
| #define HAVE_STRINGS_H 1
| #define HAVE_INTTYPES_H 1
| #define HAVE_STDINT_H 1
| #define HAVE_UNISTD_H 1
| /* end confdefs.h.  */
| #include <ac_nonexistent.h>
configure:7673: checking build system type
configure:7687: result: x86_64-unknown-linux-gnu
configure:7707: checking host system type
configure:7720: result: x86_64-unknown-linux-gnu
configure:7761: checking how to print strings
configure:7788: result: printf
configure:7809: checking for a sed that does not truncate output
configure:7873: result: /bin/sed
configure:7891: checking for fgrep
configure:7953: result: /bin/grep -F
configure:7988: checking for ld used by gcc
configure:8055: result: /usr/bin/ld
configure:8062: checking if the linker (/usr/bin/ld) is GNU ld
configure:8077: result: yes
configure:8089: checking for BSD- or MS-compatible name lister (nm)
configure:8138: result: /usr/bin/nm -B
configure:8268: checking the name lister (/usr/bin/nm -B) interface
configure:8275: gcc -c -lstdc++  conftest.c >&5
configure:8278: /usr/bin/nm -B "conftest.o"
configure:8281: output
0000000000000000 B some_variable
configure:8288: result: BSD nm
configure:8291: checking whether ln -s works
configure:8295: result: yes
configure:8303: checking the maximum length of command line arguments
configure:8434: result: 1572864
configure:8451: checking whether the shell understands some XSI constructs
configure:8461: result: yes
configure:8465: checking whether the shell understands "+="
configure:8471: result: yes
configure:8506: checking how to convert x86_64-unknown-linux-gnu file names to x86_64-unknown-linux-gnu format
configure:8546: result: func_convert_file_noop
configure:8553: checking how to convert x86_64-unknown-linux-gnu file names to toolchain format
configure:8573: result: func_convert_file_noop
configure:8580: checking for /usr/bin/ld option to reload object files
configure:8587: result: -r
configure:8661: checking for objdump
configure:8677: found /usr/bin/objdump
configure:8688: result: objdump
configure:8720: checking how to recognize dependent libraries
configure:8918: result: pass_all
configure:9003: checking for dlltool
configure:9033: result: no
configure:9063: checking how to associate runtime and link libraries
configure:9090: result: printf %s\n
configure:9150: checking for ar
configure:9166: found /usr/bin/ar
configure:9177: result: ar
configure:9214: checking for archiver @FILE support
configure:9231: gcc -c -lstdc++  conftest.c >&5
configure:9231: $? = 0
configure:9234: ar cru libconftest.a @conftest.lst >&5
configure:9237: $? = 0
configure:9242: ar cru libconftest.a @conftest.lst >&5
ar: conftest.o: No such file or directory
configure:9245: $? = 1
configure:9257: result: @
configure:9315: checking for strip
configure:9331: found /usr/bin/strip
configure:9342: result: strip
configure:9414: checking for ranlib
configure:9430: found /usr/bin/ranlib
configure:9441: result: ranlib
configure:9543: checking command to parse /usr/bin/nm -B output from gcc object
configure:9663: gcc -c -lstdc++  conftest.c >&5
configure:9666: $? = 0
configure:9670: /usr/bin/nm -B conftest.o \| sed -n -e 's/^.*[ ]\([ABCDGIRSTW][ABCDGIRSTW]*\)[ ][ ]*\([_A-Za-z][_A-Za-z0-9]*\)$/\1 \2 \2/p' | sed '/ __gnu_lto/d' \> conftest.nm
configure:9673: $? = 0
configure:9739: gcc -o conftest -lstdc++   conftest.c conftstm.o >&5
configure:9742: $? = 0
configure:9780: result: ok
configure:9817: checking for sysroot
configure:9847: result: no
configure:9924: gcc -c -lstdc++  conftest.c >&5
configure:9927: $? = 0
configure:10116: checking for mt
configure:10132: found /bin/mt
configure:10143: result: mt
configure:10166: checking if mt is a manifest tool
configure:10172: mt '-?'
configure:10180: result: no
configure:10819: checking for dlfcn.h
configure:10819: gcc -c -lstdc++  conftest.c >&5
configure:10819: $? = 0
configure:10819: result: yes
configure:11006: checking for objdir
configure:11021: result: .libs
configure:11292: checking if gcc supports -fno-rtti -fno-exceptions
configure:11310: gcc -c -lstdc++  -fno-rtti -fno-exceptions conftest.c >&5
cc1: warning: command line option '-fno-rtti' is valid for C++/ObjC++ but not for C [enabled by default]
configure:11314: $? = 0
configure:11327: result: no
configure:11654: checking for gcc option to produce PIC
configure:11661: result: -fPIC -DPIC
configure:11669: checking if gcc PIC flag -fPIC -DPIC works
configure:11687: gcc -c -lstdc++  -fPIC -DPIC -DPIC conftest.c >&5
configure:11691: $? = 0
configure:11704: result: yes
configure:11733: checking if gcc static flag -static works
configure:11761: result: yes
configure:11776: checking if gcc supports -c -o file.o
configure:11797: gcc -c -lstdc++  -o out/conftest2.o conftest.c >&5
configure:11801: $? = 0
configure:11823: result: yes
configure:11831: checking if gcc supports -c -o file.o
configure:11878: result: yes
configure:11911: checking whether the gcc linker (/usr/bin/ld -m elf_x86_64) supports shared libraries
configure:13068: result: yes
configure:13308: checking dynamic linker characteristics
configure:13808: gcc -o conftest -lstdc++   -Wl,-rpath -Wl,/foo conftest.c  >&5
configure:13808: $? = 0
configure:14042: result: GNU/Linux ld.so
configure:14149: checking how to hardcode library paths into programs
configure:14174: result: immediate
configure:14714: checking whether stripping libraries is possible
configure:14719: result: yes
configure:14754: checking if libtool supports shared libraries
configure:14756: result: yes
configure:14759: checking whether to build shared libraries
configure:14780: result: no
configure:14783: checking whether to build static libraries
configure:14787: result: yes
configure:14810: checking how to run the C++ preprocessor
configure:14876: result: g++ -E
configure:14896: g++ -E  conftest.cpp
configure:14896: $? = 0
configure:14910: g++ -E  conftest.cpp
conftest.cpp:32:28: fatal error: ac_nonexistent.h: No such file or directory
 #include <ac_nonexistent.h>
                            ^
compilation terminated.
configure:14910: $? = 1
configure: failed program was:
| /* confdefs.h */
| #define PACKAGE_NAME "DSPSR"
| #define PACKAGE_TARNAME "dspsr"
| #define PACKAGE_VERSION "2016-06+"
| #define PACKAGE_STRING "DSPSR 2016-06+"
| #define PACKAGE_BUGREPORT "dspsr-developers@lists.sourceforge.net"
| #define PACKAGE_URL ""
| #define PACKAGE "dspsr"
| #define VERSION "2016-06+"
| #define HAVE_bpsr 1
| #define HAVE_caspsr 1
| #define HAVE_cpsr2 1
| #define HAVE_dada 1
| #define HAVE_fits 1
| #define HAVE_gmrt 1
| #define HAVE_kat 1
| #define HAVE_sigproc 1
| #define HAVE_ska1 1
| #define STDC_HEADERS 1
| #define HAVE_SYS_TYPES_H 1
| #define HAVE_SYS_STAT_H 1
| #define HAVE_STDLIB_H 1
| #define HAVE_STRING_H 1
| #define HAVE_MEMORY_H 1
| #define HAVE_STRINGS_H 1
| #define HAVE_INTTYPES_H 1
| #define HAVE_STDINT_H 1
| #define HAVE_UNISTD_H 1
| #define HAVE_DLFCN_H 1
| #define LT_OBJDIR ".libs/"
| /* end confdefs.h.  */
| #include <ac_nonexistent.h>
configure:15079: checking for ld used by g++
configure:15146: result: /usr/bin/ld -m elf_x86_64
configure:15153: checking if the linker (/usr/bin/ld -m elf_x86_64) is GNU ld
configure:15168: result: yes
configure:15223: checking whether the g++ linker (/usr/bin/ld -m elf_x86_64) supports shared libraries
configure:16225: result: yes
configure:16261: g++ -c -mtune=native -O3 -ffast-math -pthread  conftest.cpp >&5
configure:16264: $? = 0
configure:16784: checking for g++ option to produce PIC
configure:16791: result: -fPIC -DPIC
configure:16799: checking if g++ PIC flag -fPIC -DPIC works
configure:16817: g++ -c -mtune=native -O3 -ffast-math -pthread  -fPIC -DPIC -DPIC conftest.cpp >&5
configure:16821: $? = 0
configure:16834: result: yes
configure:16857: checking if g++ static flag -static works
configure:16885: result: yes
configure:16897: checking if g++ supports -c -o file.o
configure:16918: g++ -c -mtune=native -O3 -ffast-math -pthread  -o out/conftest2.o conftest.cpp >&5
configure:16922: $? = 0
configure:16944: result: yes
configure:16949: checking if g++ supports -c -o file.o
configure:16996: result: yes
configure:17026: checking whether the g++ linker (/usr/bin/ld -m elf_x86_64) supports shared libraries
configure:17065: result: yes
configure:17206: checking dynamic linker characteristics
configure:17874: result: GNU/Linux ld.so
configure:17927: checking how to hardcode library paths into programs
configure:17952: result: immediate
configure:18028: Disabling debugging information compiler option (-g)
configure:18044:    CXXFLAGS set by user.
configure:18051:    CFLAGS set by user.
configure:18111: checking for sin in -lm
configure:18136: gcc -o conftest -lstdc++ -I/usr/local/include  -L/usr/local/lib  conftest.c -lm   >&5
conftest.c:39:6: warning: conflicting types for built-in function 'sin' [enabled by default]
 char sin ();
      ^
configure:18136: $? = 0
configure:18145: result: yes
configure:18198: checking for psrchive
configure:18216: found /usr/local/kat/pulsar/linux_64/bin/psrchive
configure:18229: result: /usr/local/kat/pulsar/linux_64/bin/psrchive
configure:18241: checking PSRCHIVE installation
configure:18274: g++ -o conftest -mtune=native -O3 -ffast-math -pthread -I/usr/local/kat/pulsar/linux_64/include -I/usr/local/include  -L/usr/local/lib  conftest.cpp -L/usr/local/kat/pulsar/linux_64/lib -lpsrmore -lpsrbase -lpsrutil -L/usr/local/kat/pulsar/linux_64/lib -L/usr/local/lib -lfftw3f -lcfitsio -lpthread -lm -L/usr/local/kat/pulsar/linux_64/tempo2/lib -ltempo2pred -lm -L/usr/lib/gcc/x86_64-linux-gnu/4.8 -L/usr/lib/gcc/x86_64-linux-gnu/4.8/../../../x86_64-linux-gnu -L/usr/lib/gcc/x86_64-linux-gnu/4.8/../../../../lib -L/lib/x86_64-linux-gnu -L/lib/../lib -L/usr/lib/x86_64-linux-gnu -L/usr/lib/../lib -L/usr/lib/gcc/x86_64-linux-gnu/4.8/../../.. -lgfortran -lm -lquadmath -lm  >&5
configure:18274: $? = 0
configure:18301: result: yes
configure:18368: checking for PSRDADA installation
configure:18405: gcc -o conftest -lstdc++ -I/usr/local/kat/pulsar/linux_64/include -I/usr/local/include  -L/usr/local/lib  conftest.c  -L/usr/local/kat/pulsar/linux_64/lib -lpsrdada -lm  >&5
configure:18405: $? = 0
configure:18425: result: yes
configure:18459: checking for libraries containing socket functions
configure:18487: gcc -o conftest -lstdc++ -I/usr/local/include  -L/usr/local/lib  conftest.c -lm  >&5
configure:18487: $? = 0
configure:18562: result: -lc
configure:18642: checking for CFITSIO installation
configure:18691: gcc -c -I. -lstdc++ -I/usr/local/include  conftest.c >&5
configure:18691: $? = 0
configure:18772: gcc -o conftest  -lstdc++ -I/usr/local/include  -L/usr/local/lib  conftest.c -L. -lcfitsio -lpthread -lm  -lm  >&5
configure:18772: $? = 0
configure:18796: result: yes
configure:18867: MPI not enabled.
configure:19077: WARNING: Message Passing Interface (MPI) code will not be compiled
configure:19183: checking for nvcc
configure:19201: found /usr/local/cuda/bin/nvcc
configure:19214: result: /usr/local/cuda/bin/nvcc
configure:19226: checking for CUDA installation
configure:19277: gcc -c -I/usr/local/cuda-7.5/include -lstdc++ -I/usr/local/include  conftest.c >&5
configure:19277: $? = 0
configure:19358: gcc -o conftest -I/usr/local/cuda-7.5/include -lstdc++ -I/usr/local/include  -L/usr/local/lib  conftest.c -L/usr/local/cuda-7.5/include -lcudart -lm  >&5
/usr/bin/ld: cannot find -lcudart
collect2: error: ld returned 1 exit status
configure:19358: $? = 1
configure: failed program was:
| /* confdefs.h */
| #define PACKAGE_NAME "DSPSR"
| #define PACKAGE_TARNAME "dspsr"
| #define PACKAGE_VERSION "2016-06+"
| #define PACKAGE_STRING "DSPSR 2016-06+"
| #define PACKAGE_BUGREPORT "dspsr-developers@lists.sourceforge.net"
| #define PACKAGE_URL ""
| #define PACKAGE "dspsr"
| #define VERSION "2016-06+"
| #define HAVE_bpsr 1
| #define HAVE_caspsr 1
| #define HAVE_cpsr2 1
| #define HAVE_dada 1
| #define HAVE_fits 1
| #define HAVE_gmrt 1
| #define HAVE_kat 1
| #define HAVE_sigproc 1
| #define HAVE_ska1 1
| #define STDC_HEADERS 1
| #define HAVE_SYS_TYPES_H 1
| #define HAVE_SYS_STAT_H 1
| #define HAVE_STDLIB_H 1
| #define HAVE_STRING_H 1
| #define HAVE_MEMORY_H 1
| #define HAVE_STRINGS_H 1
| #define HAVE_INTTYPES_H 1
| #define HAVE_STDINT_H 1
| #define HAVE_UNISTD_H 1
| #define HAVE_DLFCN_H 1
| #define LT_OBJDIR ".libs/"
| #define HAVE_LIBM 1
| #define HAVE_PSRCHIVE 1
| #define HAVE_PSRDADA 1
| #define HAVE_CFITSIO 1
| /* end confdefs.h.  */
| #include <cuda_runtime.h>
| int
| main ()
| {
| cudaMalloc (0, 0);
|   ;
|   return 0;
| }
configure:19358: gcc -o conftest -I/usr/local/cuda-7.5/include -lstdc++ -I/usr/local/include  -L/usr/local/lib  conftest.c -L/usr/local/cuda-7.5/lib -lcudart -lm  >&5
/usr/bin/ld: skipping incompatible /usr/local/cuda-7.5/lib/libcudart.so when searching for -lcudart
/usr/bin/ld: cannot find -lcudart
collect2: error: ld returned 1 exit status
configure:19358: $? = 1
configure: failed program was:
| /* confdefs.h */
| #define PACKAGE_NAME "DSPSR"
| #define PACKAGE_TARNAME "dspsr"
| #define PACKAGE_VERSION "2016-06+"
| #define PACKAGE_STRING "DSPSR 2016-06+"
| #define PACKAGE_BUGREPORT "dspsr-developers@lists.sourceforge.net"
| #define PACKAGE_URL ""
| #define PACKAGE "dspsr"
| #define VERSION "2016-06+"
| #define HAVE_bpsr 1
| #define HAVE_caspsr 1
| #define HAVE_cpsr2 1
| #define HAVE_dada 1
| #define HAVE_fits 1
| #define HAVE_gmrt 1
| #define HAVE_kat 1
| #define HAVE_sigproc 1
| #define HAVE_ska1 1
| #define STDC_HEADERS 1
| #define HAVE_SYS_TYPES_H 1
| #define HAVE_SYS_STAT_H 1
| #define HAVE_STDLIB_H 1
| #define HAVE_STRING_H 1
| #define HAVE_MEMORY_H 1
| #define HAVE_STRINGS_H 1
| #define HAVE_INTTYPES_H 1
| #define HAVE_STDINT_H 1
| #define HAVE_UNISTD_H 1
| #define HAVE_DLFCN_H 1
| #define LT_OBJDIR ".libs/"
| #define HAVE_LIBM 1
| #define HAVE_PSRCHIVE 1
| #define HAVE_PSRDADA 1
| #define HAVE_CFITSIO 1
| /* end confdefs.h.  */
| #include <cuda_runtime.h>
| int
| main ()
| {
| cudaMalloc (0, 0);
|   ;
|   return 0;
| }
configure:19358: gcc -o conftest -I/usr/local/cuda-7.5/include -lstdc++ -I/usr/local/include  -L/usr/local/lib  conftest.c -L/usr/local/cuda-7.5/lib64 -lcudart -lm  >&5
configure:19358: $? = 0
configure:19384: result: yes
configure:19393: checking for CUDA FFT installation
configure:19443: gcc -c -I/usr/local/cuda-7.5/include -lstdc++ -I/usr/local/include  conftest.c >&5
configure:19443: $? = 0
configure:19524: gcc -o conftest -I/usr/local/cuda-7.5/include -lstdc++ -I/usr/local/include  -L/usr/local/lib  conftest.c -L/usr/local/cuda-7.5/include -lcufft -lm  >&5
/usr/bin/ld: cannot find -lcufft
collect2: error: ld returned 1 exit status
configure:19524: $? = 1
configure: failed program was:
| /* confdefs.h */
| #define PACKAGE_NAME "DSPSR"
| #define PACKAGE_TARNAME "dspsr"
| #define PACKAGE_VERSION "2016-06+"
| #define PACKAGE_STRING "DSPSR 2016-06+"
| #define PACKAGE_BUGREPORT "dspsr-developers@lists.sourceforge.net"
| #define PACKAGE_URL ""
| #define PACKAGE "dspsr"
| #define VERSION "2016-06+"
| #define HAVE_bpsr 1
| #define HAVE_caspsr 1
| #define HAVE_cpsr2 1
| #define HAVE_dada 1
| #define HAVE_fits 1
| #define HAVE_gmrt 1
| #define HAVE_kat 1
| #define HAVE_sigproc 1
| #define HAVE_ska1 1
| #define STDC_HEADERS 1
| #define HAVE_SYS_TYPES_H 1
| #define HAVE_SYS_STAT_H 1
| #define HAVE_STDLIB_H 1
| #define HAVE_STRING_H 1
| #define HAVE_MEMORY_H 1
| #define HAVE_STRINGS_H 1
| #define HAVE_INTTYPES_H 1
| #define HAVE_STDINT_H 1
| #define HAVE_UNISTD_H 1
| #define HAVE_DLFCN_H 1
| #define LT_OBJDIR ".libs/"
| #define HAVE_LIBM 1
| #define HAVE_PSRCHIVE 1
| #define HAVE_PSRDADA 1
| #define HAVE_CFITSIO 1
| #define HAVE_CUDA 1
| /* end confdefs.h.  */
| #include <cufft.h>
| int
| main ()
| {
| cufftPlan1d (0, 1024, CUFFT_C2C, 1);
|   ;
|   return 0;
| }
configure:19524: gcc -o conftest -I/usr/local/cuda-7.5/include -lstdc++ -I/usr/local/include  -L/usr/local/lib  conftest.c -L/usr/local/cuda-7.5/lib -lcufft -lm  >&5
/usr/bin/ld: cannot find -lcufft
collect2: error: ld returned 1 exit status
configure:19524: $? = 1
configure: failed program was:
| /* confdefs.h */
| #define PACKAGE_NAME "DSPSR"
| #define PACKAGE_TARNAME "dspsr"
| #define PACKAGE_VERSION "2016-06+"
| #define PACKAGE_STRING "DSPSR 2016-06+"
| #define PACKAGE_BUGREPORT "dspsr-developers@lists.sourceforge.net"
| #define PACKAGE_URL ""
| #define PACKAGE "dspsr"
| #define VERSION "2016-06+"
| #define HAVE_bpsr 1
| #define HAVE_caspsr 1
| #define HAVE_cpsr2 1
| #define HAVE_dada 1
| #define HAVE_fits 1
| #define HAVE_gmrt 1
| #define HAVE_kat 1
| #define HAVE_sigproc 1
| #define HAVE_ska1 1
| #define STDC_HEADERS 1
| #define HAVE_SYS_TYPES_H 1
| #define HAVE_SYS_STAT_H 1
| #define HAVE_STDLIB_H 1
| #define HAVE_STRING_H 1
| #define HAVE_MEMORY_H 1
| #define HAVE_STRINGS_H 1
| #define HAVE_INTTYPES_H 1
| #define HAVE_STDINT_H 1
| #define HAVE_UNISTD_H 1
| #define HAVE_DLFCN_H 1
| #define LT_OBJDIR ".libs/"
| #define HAVE_LIBM 1
| #define HAVE_PSRCHIVE 1
| #define HAVE_PSRDADA 1
| #define HAVE_CFITSIO 1
| #define HAVE_CUDA 1
| /* end confdefs.h.  */
| #include <cufft.h>
| int
| main ()
| {
| cufftPlan1d (0, 1024, CUFFT_C2C, 1);
|   ;
|   return 0;
| }
configure:19524: gcc -o conftest -I/usr/local/cuda-7.5/include -lstdc++ -I/usr/local/include  -L/usr/local/lib  conftest.c -L/usr/local/cuda-7.5/lib64 -lcufft -lm  >&5
configure:19524: $? = 0
configure:19546: result: yes
configure:19796: checking for guppi_daq installation
configure:19809: result: no
configure:19818: WARNING: guppi_daq code will not be compiled
configure:19821: WARNING: Please set the GUPPI_DIR environment variable
configure:19859: checking for mark5access installation
configure:19888: gcc -o conftest -lstdc++  -I/usr/local/include  -L/usr/local/lib  conftest.c  -lm  >&5
conftest.c:38:25: fatal error: mark5access.h: No such file or directory
 #include <mark5access.h>
                         ^
compilation terminated.
configure:19888: $? = 1
configure: failed program was:
| /* confdefs.h */
| #define PACKAGE_NAME "DSPSR"
| #define PACKAGE_TARNAME "dspsr"
| #define PACKAGE_VERSION "2016-06+"
| #define PACKAGE_STRING "DSPSR 2016-06+"
| #define PACKAGE_BUGREPORT "dspsr-developers@lists.sourceforge.net"
| #define PACKAGE_URL ""
| #define PACKAGE "dspsr"
| #define VERSION "2016-06+"
| #define HAVE_bpsr 1
| #define HAVE_caspsr 1
| #define HAVE_cpsr2 1
| #define HAVE_dada 1
| #define HAVE_fits 1
| #define HAVE_gmrt 1
| #define HAVE_kat 1
| #define HAVE_sigproc 1
| #define HAVE_ska1 1
| #define STDC_HEADERS 1
| #define HAVE_SYS_TYPES_H 1
| #define HAVE_SYS_STAT_H 1
| #define HAVE_STDLIB_H 1
| #define HAVE_STRING_H 1
| #define HAVE_MEMORY_H 1
| #define HAVE_STRINGS_H 1
| #define HAVE_INTTYPES_H 1
| #define HAVE_STDINT_H 1
| #define HAVE_UNISTD_H 1
| #define HAVE_DLFCN_H 1
| #define LT_OBJDIR ".libs/"
| #define HAVE_LIBM 1
| #define HAVE_PSRCHIVE 1
| #define HAVE_PSRDADA 1
| #define HAVE_CFITSIO 1
| #define HAVE_CUDA 1
| #define HAVE_CUFFT 1
| /* end confdefs.h.  */
| #include <mark5access.h>
| int
| main ()
| {
| new_mark5_stream(0,0);
|   ;
|   return 0;
| }
configure:19906: result: no
configure:19915: Ensure that the PKG_CONFIG_PATH environment variable points to
configure:19917: the lib/pkgconfig sub-directory of the root directory where
configure:19919: the mark5access library was installed.
configure:19921: Alternatively, use the --with-mark5access-dir option.
configure:19941: checking for OpenMP flag of C compiler
configure:19977: gcc -o conftest -lstdc++ -fopenmp -I/usr/local/include  -L/usr/local/lib  conftest.c -lm  >&5
configure:19977: $? = 0
configure:19986: result: -fopenmp
configure:20058: checking for g77
configure:20088: result: no
configure:20058: checking for xlf
configure:20088: result: no
configure:20058: checking for f77
configure:20088: result: no
configure:20058: checking for frt
configure:20088: result: no
configure:20058: checking for pgf77
configure:20088: result: no
configure:20058: checking for cf77
configure:20088: result: no
configure:20058: checking for fort77
configure:20088: result: no
configure:20058: checking for fl32
configure:20088: result: no
configure:20058: checking for af77
configure:20088: result: no
configure:20058: checking for xlf90
configure:20088: result: no
configure:20058: checking for f90
configure:20088: result: no
configure:20058: checking for pgf90
configure:20088: result: no
configure:20058: checking for pghpf
configure:20088: result: no
configure:20058: checking for epcf90
configure:20088: result: no
configure:20058: checking for gfortran
configure:20074: found /usr/bin/gfortran
configure:20085: result: gfortran
configure:20111: checking for Fortran 77 compiler version
configure:20120: gfortran --version >&5
GNU Fortran (Ubuntu 4.8.4-2ubuntu1~14.04.3) 4.8.4
Copyright (C) 2013 Free Software Foundation, Inc.

GNU Fortran comes with NO WARRANTY, to the extent permitted by law.
You may redistribute copies of GNU Fortran
under the terms of the GNU General Public License.
For more information about these matters, see the file named COPYING

configure:20131: $? = 0
configure:20120: gfortran -v >&5
Using built-in specs.
COLLECT_GCC=gfortran
COLLECT_LTO_WRAPPER=/usr/lib/gcc/x86_64-linux-gnu/4.8/lto-wrapper
Target: x86_64-linux-gnu
Configured with: ../src/configure -v --with-pkgversion='Ubuntu 4.8.4-2ubuntu1~14.04.3' --with-bugurl=file:///usr/share/doc/gcc-4.8/README.Bugs --enable-languages=c,c++,java,go,d,fortran,objc,obj-c++ --prefix=/usr --program-suffix=-4.8 --enable-shared --enable-linker-build-id --libexecdir=/usr/lib --without-included-gettext --enable-threads=posix --with-gxx-include-dir=/usr/include/c++/4.8 --libdir=/usr/lib --enable-nls --with-sysroot=/ --enable-clocale=gnu --enable-libstdcxx-debug --enable-libstdcxx-time=yes --enable-gnu-unique-object --disable-libmudflap --enable-plugin --with-system-zlib --disable-browser-plugin --enable-java-awt=gtk --enable-gtk-cairo --with-java-home=/usr/lib/jvm/java-1.5.0-gcj-4.8-amd64/jre --enable-java-home --with-jvm-root-dir=/usr/lib/jvm/java-1.5.0-gcj-4.8-amd64 --with-jvm-jar-dir=/usr/lib/jvm-exports/java-1.5.0-gcj-4.8-amd64 --with-arch-directory=amd64 --with-ecj-jar=/usr/share/java/eclipse-ecj.jar --enable-objc-gc --enable-multiarch --disable-werror --with-arch-32=i686 --with-abi=m64 --with-multilib-list=m32,m64,mx32 --with-tune=generic --enable-checking=release --build=x86_64-linux-gnu --host=x86_64-linux-gnu --target=x86_64-linux-gnu
Thread model: posix
gcc version 4.8.4 (Ubuntu 4.8.4-2ubuntu1~14.04.3) 
configure:20131: $? = 0
configure:20120: gfortran -V >&5
gfortran: error: unrecognized command line option '-V'
gfortran: fatal error: no input files
compilation terminated.
configure:20131: $? = 4
configure:20120: gfortran -qversion >&5
gfortran: error: unrecognized command line option '-qversion'
gfortran: fatal error: no input files
compilation terminated.
configure:20131: $? = 4
configure:20140: checking whether we are using the GNU Fortran 77 compiler
configure:20153: gfortran -c  conftest.F >&5
configure:20153: $? = 0
configure:20162: result: yes
configure:20168: checking whether gfortran accepts -g
configure:20179: gfortran -c -g conftest.f >&5
configure:20179: $? = 0
configure:20187: result: yes
configure:20322: checking for Fortran 77 compiler version
configure:20331: gfortran --version >&5
GNU Fortran (Ubuntu 4.8.4-2ubuntu1~14.04.3) 4.8.4
Copyright (C) 2013 Free Software Foundation, Inc.

GNU Fortran comes with NO WARRANTY, to the extent permitted by law.
You may redistribute copies of GNU Fortran
under the terms of the GNU General Public License.
For more information about these matters, see the file named COPYING

configure:20342: $? = 0
configure:20331: gfortran -v >&5
Using built-in specs.
COLLECT_GCC=gfortran
COLLECT_LTO_WRAPPER=/usr/lib/gcc/x86_64-linux-gnu/4.8/lto-wrapper
Target: x86_64-linux-gnu
Configured with: ../src/configure -v --with-pkgversion='Ubuntu 4.8.4-2ubuntu1~14.04.3' --with-bugurl=file:///usr/share/doc/gcc-4.8/README.Bugs --enable-languages=c,c++,java,go,d,fortran,objc,obj-c++ --prefix=/usr --program-suffix=-4.8 --enable-shared --enable-linker-build-id --libexecdir=/usr/lib --without-included-gettext --enable-threads=posix --with-gxx-include-dir=/usr/include/c++/4.8 --libdir=/usr/lib --enable-nls --with-sysroot=/ --enable-clocale=gnu --enable-libstdcxx-debug --enable-libstdcxx-time=yes --enable-gnu-unique-object --disable-libmudflap --enable-plugin --with-system-zlib --disable-browser-plugin --enable-java-awt=gtk --enable-gtk-cairo --with-java-home=/usr/lib/jvm/java-1.5.0-gcj-4.8-amd64/jre --enable-java-home --with-jvm-root-dir=/usr/lib/jvm/java-1.5.0-gcj-4.8-amd64 --with-jvm-jar-dir=/usr/lib/jvm-exports/java-1.5.0-gcj-4.8-amd64 --with-arch-directory=amd64 --with-ecj-jar=/usr/share/java/eclipse-ecj.jar --enable-objc-gc --enable-multiarch --disable-werror --with-arch-32=i686 --with-abi=m64 --with-multilib-list=m32,m64,mx32 --with-tune=generic --enable-checking=release --build=x86_64-linux-gnu --host=x86_64-linux-gnu --target=x86_64-linux-gnu
Thread model: posix
gcc version 4.8.4 (Ubuntu 4.8.4-2ubuntu1~14.04.3) 
configure:20342: $? = 0
configure:20331: gfortran -V >&5
gfortran: error: unrecognized command line option '-V'
gfortran: fatal error: no input files
compilation terminated.
configure:20342: $? = 4
configure:20331: gfortran -qversion >&5
gfortran: error: unrecognized command line option '-qversion'
gfortran: fatal error: no input files
compilation terminated.
configure:20342: $? = 4
configure:20351: checking whether we are using the GNU Fortran 77 compiler
configure:20373: result: yes
configure:20379: checking whether gfortran accepts -g
configure:20398: result: yes
configure:20533: checking if libtool supports shared libraries
configure:20535: result: yes
configure:20538: checking whether to build shared libraries
configure:20558: result: no
configure:20561: checking whether to build static libraries
configure:20565: result: yes
configure:20886: checking for gfortran option to produce PIC
configure:20893: result: -fPIC
configure:20901: checking if gfortran PIC flag -fPIC works
configure:20919: gfortran -c  -fPIC conftest.f >&5
configure:20923: $? = 0
configure:20936: result: yes
configure:20959: checking if gfortran static flag -static works
configure:20987: result: yes
configure:20999: checking if gfortran supports -c -o file.o
configure:21020: gfortran -c  -o out/conftest2.o conftest.f >&5
configure:21024: $? = 0
configure:21046: result: yes
configure:21051: checking if gfortran supports -c -o file.o
configure:21098: result: yes
configure:21128: checking whether the gfortran linker (/usr/bin/ld -m elf_x86_64) supports shared libraries
configure:22235: result: yes
configure:22376: checking dynamic linker characteristics
configure:23038: result: GNU/Linux ld.so
configure:23091: checking how to hardcode library paths into programs
configure:23116: result: immediate
configure:23153: checking how to get verbose linking output from gfortran
configure:23163: gfortran -c  conftest.f >&5
configure:23163: $? = 0
configure:23181: gfortran -o conftest -v -L/usr/local/lib conftest.f -lm
Using built-in specs.
Target: x86_64-linux-gnu
Thread model: posix
gcc version 4.8.4 (Ubuntu 4.8.4-2ubuntu1~14.04.3) 
 /usr/lib/gcc/x86_64-linux-gnu/4.8/f951 conftest.f -ffixed-form -quiet -dumpbase conftest.f -mtune=generic -march=x86-64 -auxbase conftest -version -fintrinsic-modules-path /usr/lib/gcc/x86_64-linux-gnu/4.8/finclude -o /tmp/ccTK36ox.s
GNU Fortran (Ubuntu 4.8.4-2ubuntu1~14.04.3) version 4.8.4 (x86_64-linux-gnu)
	compiled by GNU C version 4.8.4, GMP version 5.1.3, MPFR version 3.1.2-p3, MPC version 1.0.1
GGC heuristics: --param ggc-min-expand=100 --param ggc-min-heapsize=131072
GNU Fortran (Ubuntu 4.8.4-2ubuntu1~14.04.3) version 4.8.4 (x86_64-linux-gnu)
	compiled by GNU C version 4.8.4, GMP version 5.1.3, MPFR version 3.1.2-p3, MPC version 1.0.1
GGC heuristics: --param ggc-min-expand=100 --param ggc-min-heapsize=131072
 as -v --64 -o /tmp/ccRxNA7m.o /tmp/ccTK36ox.s
GNU assembler version 2.24 (x86_64-linux-gnu) using BFD version (GNU Binutils for Ubuntu) 2.24
Reading specs from /usr/lib/gcc/x86_64-linux-gnu/4.8/libgfortran.spec
rename spec lib to liborig
 /usr/lib/gcc/x86_64-linux-gnu/4.8/collect2 --sysroot=/ --build-id --eh-frame-hdr -m elf_x86_64 --hash-style=gnu --as-needed -dynamic-linker /lib64/ld-linux-x86-64.so.2 -z relro -o conftest /usr/lib/gcc/x86_64-linux-gnu/4.8/../../../x86_64-linux-gnu/crt1.o /usr/lib/gcc/x86_64-linux-gnu/4.8/../../../x86_64-linux-gnu/crti.o /usr/lib/gcc/x86_64-linux-gnu/4.8/crtbegin.o -L/usr/local/lib -L/usr/lib/gcc/x86_64-linux-gnu/4.8 -L/usr/lib/gcc/x86_64-linux-gnu/4.8/../../../x86_64-linux-gnu -L/usr/lib/gcc/x86_64-linux-gnu/4.8/../../../../lib -L/lib/x86_64-linux-gnu -L/lib/../lib -L/usr/lib/x86_64-linux-gnu -L/usr/lib/../lib -L/usr/lib/gcc/x86_64-linux-gnu/4.8/../../.. /tmp/ccRxNA7m.o -lgfortran -lm -lgfortran -lm -lgcc_s -lgcc -lquadmath -lm -lgcc_s -lgcc -lc -lgcc_s -lgcc /usr/lib/gcc/x86_64-linux-gnu/4.8/crtend.o /usr/lib/gcc/x86_64-linux-gnu/4.8/../../../x86_64-linux-gnu/crtn.o
configure:23264: result: -v
configure:23266: checking for Fortran 77 libraries of gfortran
configure:23289: gfortran -o conftest -v -L/usr/local/lib conftest.f -lm
Using built-in specs.
Target: x86_64-linux-gnu
Thread model: posix
gcc version 4.8.4 (Ubuntu 4.8.4-2ubuntu1~14.04.3) 
 /usr/lib/gcc/x86_64-linux-gnu/4.8/f951 conftest.f -ffixed-form -quiet -dumpbase conftest.f -mtune=generic -march=x86-64 -auxbase conftest -version -fintrinsic-modules-path /usr/lib/gcc/x86_64-linux-gnu/4.8/finclude -o /tmp/cc7Z9TKD.s
GNU Fortran (Ubuntu 4.8.4-2ubuntu1~14.04.3) version 4.8.4 (x86_64-linux-gnu)
	compiled by GNU C version 4.8.4, GMP version 5.1.3, MPFR version 3.1.2-p3, MPC version 1.0.1
GGC heuristics: --param ggc-min-expand=100 --param ggc-min-heapsize=131072
GNU Fortran (Ubuntu 4.8.4-2ubuntu1~14.04.3) version 4.8.4 (x86_64-linux-gnu)
	compiled by GNU C version 4.8.4, GMP version 5.1.3, MPFR version 3.1.2-p3, MPC version 1.0.1
GGC heuristics: --param ggc-min-expand=100 --param ggc-min-heapsize=131072
 as -v --64 -o /tmp/ccrVJUDt.o /tmp/cc7Z9TKD.s
GNU assembler version 2.24 (x86_64-linux-gnu) using BFD version (GNU Binutils for Ubuntu) 2.24
Reading specs from /usr/lib/gcc/x86_64-linux-gnu/4.8/libgfortran.spec
rename spec lib to liborig
 /usr/lib/gcc/x86_64-linux-gnu/4.8/collect2 --sysroot=/ --build-id --eh-frame-hdr -m elf_x86_64 --hash-style=gnu --as-needed -dynamic-linker /lib64/ld-linux-x86-64.so.2 -z relro -o conftest /usr/lib/gcc/x86_64-linux-gnu/4.8/../../../x86_64-linux-gnu/crt1.o /usr/lib/gcc/x86_64-linux-gnu/4.8/../../../x86_64-linux-gnu/crti.o /usr/lib/gcc/x86_64-linux-gnu/4.8/crtbegin.o -L/usr/local/lib -L/usr/lib/gcc/x86_64-linux-gnu/4.8 -L/usr/lib/gcc/x86_64-linux-gnu/4.8/../../../x86_64-linux-gnu -L/usr/lib/gcc/x86_64-linux-gnu/4.8/../../../../lib -L/lib/x86_64-linux-gnu -L/lib/../lib -L/usr/lib/x86_64-linux-gnu -L/usr/lib/../lib -L/usr/lib/gcc/x86_64-linux-gnu/4.8/../../.. /tmp/ccrVJUDt.o -lgfortran -lm -lgfortran -lm -lgcc_s -lgcc -lquadmath -lm -lgcc_s -lgcc -lc -lgcc_s -lgcc /usr/lib/gcc/x86_64-linux-gnu/4.8/crtend.o /usr/lib/gcc/x86_64-linux-gnu/4.8/../../../x86_64-linux-gnu/crtn.o
configure:23485: result:  -L/usr/local/lib -L/usr/lib/gcc/x86_64-linux-gnu/4.8 -L/usr/lib/gcc/x86_64-linux-gnu/4.8/../../../x86_64-linux-gnu -L/usr/lib/gcc/x86_64-linux-gnu/4.8/../../../../lib -L/lib/x86_64-linux-gnu -L/lib/../lib -L/usr/lib/x86_64-linux-gnu -L/usr/lib/../lib -L/usr/lib/gcc/x86_64-linux-gnu/4.8/../../.. -lgfortran -lm -lquadmath
configure:23496: checking for X
configure:23604: gcc -E -I/usr/local/include  conftest.c
configure:23604: $? = 0
configure:23635: gcc -o conftest -lstdc++ -I/usr/local/include  -L/usr/local/lib  conftest.c -lX11 -lm  >&5
configure:23635: $? = 0
configure:23685: result: libraries , headers 
configure:23784: gcc -o conftest -lstdc++ -I/usr/local/include  -L/usr/local/lib  conftest.c -lm   -lX11 >&5
configure:23784: $? = 0
configure:23882: checking for gethostbyname
configure:23882: gcc -o conftest -lstdc++ -I/usr/local/include  -L/usr/local/lib  conftest.c -lm  >&5
configure:23882: $? = 0
configure:23882: result: yes
configure:23979: checking for connect
configure:23979: gcc -o conftest -lstdc++ -I/usr/local/include  -L/usr/local/lib  conftest.c -lm  >&5
configure:23979: $? = 0
configure:23979: result: yes
configure:24028: checking for remove
configure:24028: gcc -o conftest -lstdc++ -I/usr/local/include  -L/usr/local/lib  conftest.c -lm  >&5
configure:24028: $? = 0
configure:24028: result: yes
configure:24077: checking for shmat
configure:24077: gcc -o conftest -lstdc++ -I/usr/local/include  -L/usr/local/lib  conftest.c -lm  >&5
configure:24077: $? = 0
configure:24077: result: yes
configure:24135: checking for IceConnectionNumber in -lICE
configure:24160: gcc -o conftest -lstdc++ -I/usr/local/include  -L/usr/local/lib  conftest.c -lICE  -lm  >&5
/usr/bin/ld: cannot find -lICE
collect2: error: ld returned 1 exit status
configure:24160: $? = 1
configure: failed program was:
| /* confdefs.h */
| #define PACKAGE_NAME "DSPSR"
| #define PACKAGE_TARNAME "dspsr"
| #define PACKAGE_VERSION "2016-06+"
| #define PACKAGE_STRING "DSPSR 2016-06+"
| #define PACKAGE_BUGREPORT "dspsr-developers@lists.sourceforge.net"
| #define PACKAGE_URL ""
| #define PACKAGE "dspsr"
| #define VERSION "2016-06+"
| #define HAVE_bpsr 1
| #define HAVE_caspsr 1
| #define HAVE_cpsr2 1
| #define HAVE_dada 1
| #define HAVE_fits 1
| #define HAVE_gmrt 1
| #define HAVE_kat 1
| #define HAVE_sigproc 1
| #define HAVE_ska1 1
| #define STDC_HEADERS 1
| #define HAVE_SYS_TYPES_H 1
| #define HAVE_SYS_STAT_H 1
| #define HAVE_STDLIB_H 1
| #define HAVE_STRING_H 1
| #define HAVE_MEMORY_H 1
| #define HAVE_STRINGS_H 1
| #define HAVE_INTTYPES_H 1
| #define HAVE_STDINT_H 1
| #define HAVE_UNISTD_H 1
| #define HAVE_DLFCN_H 1
| #define LT_OBJDIR ".libs/"
| #define HAVE_LIBM 1
| #define HAVE_PSRCHIVE 1
| #define HAVE_PSRDADA 1
| #define HAVE_CFITSIO 1
| #define HAVE_CUDA 1
| #define HAVE_CUFFT 1
| #define HAVE_OPENMP 1
| /* end confdefs.h.  */
| 
| /* Override any GCC internal prototype to avoid an error.
|    Use char because int might match the return type of a GCC
|    builtin and then its argument prototype would still apply.  */
| #ifdef __cplusplus
| extern "C"
| #endif
| char IceConnectionNumber ();
| int
| main ()
| {
| return IceConnectionNumber ();
|   ;
|   return 0;
| }
configure:24169: result: no
configure:24183: checking for libX11.so
configure:24200: result: no
configure:24202: result: X_LIBS=
configure:24204: result: X_PRE_LIBS=
configure:24206: result: X_EXTRA_LIBS=
configure:24208: result: X_CFLAGS=
configure:24225: checking for PGPLOT installation
configure:24259: gcc -o conftest -lstdc++ -I/usr/local/kat/pulsar/pgplot -I/usr/local/include  -L/usr/local/lib  conftest.c -lm  -L/usr/local/kat/pulsar/pgplot -lcpgplot -lpgplot  -L/usr/local/lib -L/usr/lib/gcc/x86_64-linux-gnu/4.8 -L/usr/lib/gcc/x86_64-linux-gnu/4.8/../../../x86_64-linux-gnu -L/usr/lib/gcc/x86_64-linux-gnu/4.8/../../../../lib -L/lib/x86_64-linux-gnu -L/lib/../lib -L/usr/lib/x86_64-linux-gnu -L/usr/lib/../lib -L/usr/lib/gcc/x86_64-linux-gnu/4.8/../../.. -lgfortran -lm -lquadmath  >&5
configure:24259: $? = 0
configure:24361: result: yes
configure:24408: checking malloc.h usability
configure:24408: gcc -c -lstdc++ -I/usr/local/include  conftest.c >&5
configure:24408: $? = 0
configure:24408: result: yes
configure:24408: checking malloc.h presence
configure:24408: gcc -E -I/usr/local/include  conftest.c
configure:24408: $? = 0
configure:24408: result: yes
configure:24408: checking for malloc.h
configure:24408: result: yes
configure:24424: checking openssl/sha.h usability
configure:24424: gcc -c -lstdc++ -I/usr/local/include  conftest.c >&5
configure:24424: $? = 0
configure:24424: result: yes
configure:24424: checking openssl/sha.h presence
configure:24424: gcc -E -I/usr/local/include  conftest.c
configure:24424: $? = 0
configure:24424: result: yes
configure:24424: checking for openssl/sha.h
configure:24424: result: yes
configure:24434: checking for SHA1 in -lcrypto
configure:24459: gcc -o conftest -lstdc++ -I/usr/local/include  -L/usr/local/lib  conftest.c -lcrypto  -lm  >&5
configure:24459: $? = 0
configure:24468: result: yes
configure:24532: checking for xml2-config
configure:24550: found /usr/bin/xml2-config
configure:24563: result: /usr/bin/xml2-config
configure:24572: checking for libxml - version >= 2.0.0
configure:24674: gcc -o conftest -lstdc++ -I/usr/local/include  -I/usr/include/libxml2 -L/usr/local/lib  conftest.c -lxml2 -lm  >&5
configure:24674: $? = 0
configure:24674: ./conftest
configure:24674: $? = 0
configure:24689: result: yes (version 2.9.1)
configure:24766: checking for PsrXML libraries
configure:24794: gcc -o conftest -lstdc++  -I/include -I/usr/local/include  -L/usr/local/lib  conftest.c -lm  -L/lib -lxml2 -lpsrxml -lcrypto >&5
conftest.c:42:20: fatal error: psrxml.h: No such file or directory
 #include <psrxml.h>
                    ^
compilation terminated.
configure:24794: $? = 1
configure: failed program was:
| /* confdefs.h */
| #define PACKAGE_NAME "DSPSR"
| #define PACKAGE_TARNAME "dspsr"
| #define PACKAGE_VERSION "2016-06+"
| #define PACKAGE_STRING "DSPSR 2016-06+"
| #define PACKAGE_BUGREPORT "dspsr-developers@lists.sourceforge.net"
| #define PACKAGE_URL ""
| #define PACKAGE "dspsr"
| #define VERSION "2016-06+"
| #define HAVE_bpsr 1
| #define HAVE_caspsr 1
| #define HAVE_cpsr2 1
| #define HAVE_dada 1
| #define HAVE_fits 1
| #define HAVE_gmrt 1
| #define HAVE_kat 1
| #define HAVE_sigproc 1
| #define HAVE_ska1 1
| #define STDC_HEADERS 1
| #define HAVE_SYS_TYPES_H 1
| #define HAVE_SYS_STAT_H 1
| #define HAVE_STDLIB_H 1
| #define HAVE_STRING_H 1
| #define HAVE_MEMORY_H 1
| #define HAVE_STRINGS_H 1
| #define HAVE_INTTYPES_H 1
| #define HAVE_STDINT_H 1
| #define HAVE_UNISTD_H 1
| #define HAVE_DLFCN_H 1
| #define LT_OBJDIR ".libs/"
| #define HAVE_LIBM 1
| #define HAVE_PSRCHIVE 1
| #define HAVE_PSRDADA 1
| #define HAVE_CFITSIO 1
| #define HAVE_CUDA 1
| #define HAVE_CUFFT 1
| #define HAVE_OPENMP 1
| #define HAVE_PGPLOT 1
| #define HAVE_MALLOC_H 1
| #define HAVE_OPENSSL_SHA_H 1
| /* end confdefs.h.  */
| #include <psrxml.h>
| int
| main ()
| {
| writePsrXml((psrxml*)NULL, "");
|   ;
|   return 0;
| }
configure:24802: result: no
configure:24814: WARNING: PsrXML code will not be compiled
configure:24842: checking getopt.h usability
configure:24842: gcc -c -lstdc++ -I/usr/local/include  conftest.c >&5
configure:24842: $? = 0
configure:24842: result: yes
configure:24842: checking getopt.h presence
configure:24842: gcc -E -I/usr/local/include  conftest.c
configure:24842: $? = 0
configure:24842: result: yes
configure:24842: checking for getopt.h
configure:24842: result: yes
configure:24854: checking for getopt_long
configure:24854: gcc -o conftest -lstdc++ -I/usr/local/include  -L/usr/local/lib  conftest.c -lm  >&5
configure:24854: $? = 0
configure:24854: result: yes
configure:24880: checking sched.h usability
configure:24880: gcc -c -lstdc++ -I/usr/local/include  conftest.c >&5
configure:24880: $? = 0
configure:24880: result: yes
configure:24880: checking sched.h presence
configure:24880: gcc -E -I/usr/local/include  conftest.c
configure:24880: $? = 0
configure:24880: result: yes
configure:24880: checking for sched.h
configure:24880: result: yes
configure:24892: checking for sched_setaffinity
configure:24892: gcc -o conftest -lstdc++ -I/usr/local/include  -L/usr/local/lib  conftest.c -lm  >&5
configure:24892: $? = 0
configure:24892: result: yes
configure:25450: checking that generated files are newer than configure
configure:25456: result: done
configure:25688: creating ./config.status

## ---------------------- ##
## Running config.status. ##
## ---------------------- ##

This file was extended by DSPSR config.status 2016-06+, which was
generated by GNU Autoconf 2.69.  Invocation command line was

  CONFIG_FILES    = 
  CONFIG_HEADERS  = 
  CONFIG_LINKS    = 
  CONFIG_COMMANDS = 
  $ ./config.status 

on 11687faae091

config.status:1451: creating Makefile
config.status:1451: creating config/Makefile
config.status:1451: creating Kernel/Makefile
config.status:1451: creating Kernel/Classes/Makefile
config.status:1451: creating Kernel/Applications/Makefile
config.status:1451: creating Kernel/Formats/Makefile
config.status:1451: creating Kernel/Formats/apsr/Makefile
config.status:1451: creating Kernel/Formats/asp/Makefile
config.status:1451: creating Kernel/Formats/bcpm/Makefile
config.status:1451: creating Kernel/Formats/bpsr/Makefile
config.status:1451: creating Kernel/Formats/caspsr/Makefile
config.status:1451: creating Kernel/Formats/cpsr/Makefile
config.status:1451: creating Kernel/Formats/cpsr2/Makefile
config.status:1451: creating Kernel/Formats/dada/Makefile
config.status:1451: creating Kernel/Formats/dummy/Makefile
config.status:1451: creating Kernel/Formats/fadc/Makefile
config.status:1451: creating Kernel/Formats/fits/Makefile
config.status:1451: creating Kernel/Formats/gmrt/Makefile
config.status:1451: creating Kernel/Formats/guppi/Makefile
config.status:1451: creating Kernel/Formats/kat/Makefile
config.status:1451: creating Kernel/Formats/lbadr/Makefile
config.status:1451: creating Kernel/Formats/lbadr64/Makefile
config.status:1451: creating Kernel/Formats/lofar_dal/Makefile
config.status:1451: creating Kernel/Formats/lump/Makefile
config.status:1451: creating Kernel/Formats/lwa/Makefile
config.status:1451: creating Kernel/Formats/spda1k/Makefile
config.status:1451: creating Kernel/Formats/mark4/Makefile
config.status:1451: creating Kernel/Formats/mark5/Makefile
config.status:1451: creating Kernel/Formats/mark5b/Makefile
config.status:1451: creating Kernel/Formats/maxim/Makefile
config.status:1451: creating Kernel/Formats/mwa/Makefile
config.status:1451: creating Kernel/Formats/pmdaq/Makefile
config.status:1451: creating Kernel/Formats/pdev/Makefile
config.status:1451: creating Kernel/Formats/puma/Makefile
config.status:1451: creating Kernel/Formats/puma2/Makefile
config.status:1451: creating Kernel/Formats/s2/Makefile
config.status:1451: creating Kernel/Formats/sigproc/Makefile
config.status:1451: creating Kernel/Formats/ska1/Makefile
config.status:1451: creating Kernel/Formats/spigot/Makefile
config.status:1451: creating Kernel/Formats/vdif/Makefile
config.status:1451: creating Kernel/Formats/wapp/Makefile
config.status:1451: creating Signal/Makefile
config.status:1451: creating Signal/Statistics/Makefile
config.status:1451: creating Signal/General/Makefile
config.status:1451: creating Signal/Pulsar/Makefile
config.status:1451: creating Management/Makefile
config.status:1451: creating Management/dspsr_ldflags
config.status:1451: creating Management/dspsr_cflags
config.status:1451: creating Management/release.csh
config.status:1451: creating More/Makefile
config.status:1451: creating More/Plotting/Makefile
config.status:1451: creating More/Applications/Makefile
config.status:1451: creating python/Makefile
config.status:1451: creating config.h
config.status:1680: executing depfiles commands
config.status:1680: executing libtool commands

## ---------------- ##
## Cache variables. ##
## ---------------- ##

ac_cv_build=x86_64-unknown-linux-gnu
ac_cv_c_bigendian=no
ac_cv_c_compiler_gnu=yes
ac_cv_cxx_compiler_gnu=yes
ac_cv_env_CCC_set=
ac_cv_env_CCC_value=
ac_cv_env_CC_set=
ac_cv_env_CC_value=
ac_cv_env_CFLAGS_set=set
ac_cv_env_CFLAGS_value=-lstdc++
ac_cv_env_CPPFLAGS_set=
ac_cv_env_CPPFLAGS_value=
ac_cv_env_CPP_set=
ac_cv_env_CPP_value=
ac_cv_env_CUDA_NVCC_FLAGS_set=set
ac_cv_env_CUDA_NVCC_FLAGS_value='-O3 -arch sm_30 -m64 -lineinfo'
ac_cv_env_CXXCPP_set=
ac_cv_env_CXXCPP_value=
ac_cv_env_CXXFLAGS_set=set
ac_cv_env_CXXFLAGS_value='-mtune=native -O3 -ffast-math -pthread'
ac_cv_env_CXX_set=
ac_cv_env_CXX_value=
ac_cv_env_F77_set=
ac_cv_env_F77_value=
ac_cv_env_FFLAGS_set=
ac_cv_env_FFLAGS_value=
ac_cv_env_LDFLAGS_set=set
ac_cv_env_LDFLAGS_value=
ac_cv_env_LIBS_set=
ac_cv_env_LIBS_value=
ac_cv_env_LOGIN_ARCH_set=set
ac_cv_env_LOGIN_ARCH_value=linux_64
ac_cv_env_PACKAGES_set=set
ac_cv_env_PACKAGES_value=/usr/local/kat/pulsar/linux_64
ac_cv_env_PSRHOME_set=set
ac_cv_env_PSRHOME_value=/usr/local/kat/pulsar
ac_cv_env_PYTHON_set=
ac_cv_env_PYTHON_value=
ac_cv_env_XMKMF_set=
ac_cv_env_XMKMF_value=
ac_cv_env_build_alias_set=
ac_cv_env_build_alias_value=
ac_cv_env_host_alias_set=
ac_cv_env_host_alias_value=
ac_cv_env_target_alias_set=
ac_cv_env_target_alias_value=
ac_cv_f77_compiler_gnu=yes
ac_cv_f77_libs=' -L/usr/local/lib -L/usr/lib/gcc/x86_64-linux-gnu/4.8 -L/usr/lib/gcc/x86_64-linux-gnu/4.8/../../../x86_64-linux-gnu -L/usr/lib/gcc/x86_64-linux-gnu/4.8/../../../../lib -L/lib/x86_64-linux-gnu -L/lib/../lib -L/usr/lib/x86_64-linux-gnu -L/usr/lib/../lib -L/usr/lib/gcc/x86_64-linux-gnu/4.8/../../.. -lgfortran -lm -lquadmath'
ac_cv_func_connect=yes
ac_cv_func_gethostbyname=yes
ac_cv_func_getopt_long=yes
ac_cv_func_remove=yes
ac_cv_func_sched_setaffinity=yes
ac_cv_func_shmat=yes
ac_cv_have_x='have_x=yes	ac_x_includes='\'''\''	ac_x_libraries='\'''\'''
ac_cv_header_dlfcn_h=yes
ac_cv_header_getopt_h=yes
ac_cv_header_inttypes_h=yes
ac_cv_header_malloc_h=yes
ac_cv_header_memory_h=yes
ac_cv_header_openssl_sha_h=yes
ac_cv_header_sched_h=yes
ac_cv_header_stdc=yes
ac_cv_header_stdint_h=yes
ac_cv_header_stdlib_h=yes
ac_cv_header_string_h=yes
ac_cv_header_strings_h=yes
ac_cv_header_sys_stat_h=yes
ac_cv_header_sys_types_h=yes
ac_cv_header_unistd_h=yes
ac_cv_host=x86_64-unknown-linux-gnu
ac_cv_lib_ICE_IceConnectionNumber=no
ac_cv_lib_crypto_SHA1=yes
ac_cv_lib_m_sin=yes
ac_cv_objext=o
ac_cv_path_EGREP='/bin/grep -E'
ac_cv_path_FGREP='/bin/grep -F'
ac_cv_path_GREP=/bin/grep
ac_cv_path_SED=/bin/sed
ac_cv_path_XML2_CONFIG=/usr/bin/xml2-config
ac_cv_path_cuda_nvcc=/usr/local/cuda/bin/nvcc
ac_cv_path_install='/usr/bin/install -c'
ac_cv_path_mkdir=/bin/mkdir
ac_cv_path_psrchive_config=/usr/local/kat/pulsar/linux_64/bin/psrchive
ac_cv_prog_AWK=mawk
ac_cv_prog_CPP='gcc -E'
ac_cv_prog_CXXCPP='g++ -E'
ac_cv_prog_ac_ct_AR=ar
ac_cv_prog_ac_ct_CC=gcc
ac_cv_prog_ac_ct_CXX=g++
ac_cv_prog_ac_ct_F77=gfortran
ac_cv_prog_ac_ct_MANIFEST_TOOL=mt
ac_cv_prog_ac_ct_OBJDUMP=objdump
ac_cv_prog_ac_ct_RANLIB=ranlib
ac_cv_prog_ac_ct_STRIP=strip
ac_cv_prog_cc_c89=
ac_cv_prog_cc_g=yes
ac_cv_prog_cxx_g=yes
ac_cv_prog_f77_g=yes
ac_cv_prog_f77_v=-v
ac_cv_prog_make_make_set=yes
ac_cv_socket_libs=-lc
ac_cv_sys_file_offset_bits=no
ac_cv_sys_largefile_CC=no
am_cv_CC_dependencies_compiler_type=gcc3
am_cv_CXX_dependencies_compiler_type=gcc3
am_cv_make_support_nested_variables=yes
am_cv_prog_cc_c_o=yes
ax_cv_c_openmp=-fopenmp
lt_cv_ar_at_file=@
lt_cv_deplibs_check_method=pass_all
lt_cv_file_magic_cmd='$MAGIC_CMD'
lt_cv_file_magic_test_file=
lt_cv_ld_reload_flag=-r
lt_cv_nm_interface='BSD nm'
lt_cv_objdir=.libs
lt_cv_path_LD=/usr/bin/ld
lt_cv_path_LDCXX='/usr/bin/ld -m elf_x86_64'
lt_cv_path_NM='/usr/bin/nm -B'
lt_cv_path_mainfest_tool=no
lt_cv_prog_compiler_c_o=yes
lt_cv_prog_compiler_c_o_CXX=yes
lt_cv_prog_compiler_c_o_F77=yes
lt_cv_prog_compiler_pic='-fPIC -DPIC'
lt_cv_prog_compiler_pic_CXX='-fPIC -DPIC'
lt_cv_prog_compiler_pic_F77=-fPIC
lt_cv_prog_compiler_pic_works=yes
lt_cv_prog_compiler_pic_works_CXX=yes
lt_cv_prog_compiler_pic_works_F77=yes
lt_cv_prog_compiler_rtti_exceptions=no
lt_cv_prog_compiler_static_works=yes
lt_cv_prog_compiler_static_works_CXX=yes
lt_cv_prog_compiler_static_works_F77=yes
lt_cv_prog_gnu_ld=yes
lt_cv_prog_gnu_ldcxx=yes
lt_cv_sharedlib_from_linklib_cmd='printf %s\n'
lt_cv_shlibpath_overrides_runpath=no
lt_cv_sys_global_symbol_pipe='sed -n -e '\''s/^.*[	 ]\([ABCDGIRSTW][ABCDGIRSTW]*\)[	 ][	 ]*\([_A-Za-z][_A-Za-z0-9]*\)$/\1 \2 \2/p'\'' | sed '\''/ __gnu_lto/d'\'''
lt_cv_sys_global_symbol_to_c_name_address='sed -n -e '\''s/^: \([^ ]*\)[ ]*$/  {\"\1\", (void *) 0},/p'\'' -e '\''s/^[ABCDGIRSTW]* \([^ ]*\) \([^ ]*\)$/  {"\2", (void *) \&\2},/p'\'''
lt_cv_sys_global_symbol_to_c_name_address_lib_prefix='sed -n -e '\''s/^: \([^ ]*\)[ ]*$/  {\"\1\", (void *) 0},/p'\'' -e '\''s/^[ABCDGIRSTW]* \([^ ]*\) \(lib[^ ]*\)$/  {"\2", (void *) \&\2},/p'\'' -e '\''s/^[ABCDGIRSTW]* \([^ ]*\) \([^ ]*\)$/  {"lib\2", (void *) \&\2},/p'\'''
lt_cv_sys_global_symbol_to_cdecl='sed -n -e '\''s/^T .* \(.*\)$/extern int \1();/p'\'' -e '\''s/^[ABCDGIRSTW]* .* \(.*\)$/extern char \1;/p'\'''
lt_cv_sys_max_cmd_len=1572864
lt_cv_to_host_file_cmd=func_convert_file_noop
lt_cv_to_tool_file_cmd=func_convert_file_noop
swin_cv_cfitsio_found=
swin_cv_cfitsio_include_dir=
swin_cv_cuda_found=' /usr/local/cuda-7.5/include'
swin_cv_cuda_include_dir=/usr/local/cuda-7.5/include
swin_cv_cufft_found=' /usr/local/cuda-7.5/include'
swin_cv_cufft_include_dir=/usr/local/cuda-7.5/include

## ----------------- ##
## Output variables. ##
## ----------------- ##

ACLOCAL='${SHELL} /usr/local/kat/pulsar/dspsr/config/missing aclocal-1.14'
AMDEPBACKSLASH='\'
AMDEP_FALSE='#'
AMDEP_TRUE=''
AMTAR='$${TAR-tar}'
AM_BACKSLASH='\'
AM_DEFAULT_V='$(AM_DEFAULT_VERBOSITY)'
AM_DEFAULT_VERBOSITY='1'
AM_V='$(V)'
AR='ar'
AUTOCONF='${SHELL} /usr/local/kat/pulsar/dspsr/config/missing autoconf'
AUTOHEADER='${SHELL} /usr/local/kat/pulsar/dspsr/config/missing autoheader'
AUTOMAKE='${SHELL} /usr/local/kat/pulsar/dspsr/config/missing automake-1.14'
AWK='mawk'
CC='gcc'
CCDEPMODE='depmode=gcc3'
CFITSIO_CFLAGS=''
CFITSIO_LIBS='-lcfitsio -lpthread -lm '
CFLAGS='-lstdc++'
CONFIG_STATUS_DEPENDENCIES='$(top_srcdir)/config/formats.sh $(top_builddir)/backends.list'
CPP='gcc -E'
CPPFLAGS='-I/usr/local/include '
CUDA_CFLAGS='-I/usr/local/cuda-7.5/include'
CUDA_LIBS='-L/usr/local/cuda-7.5/lib64 -lcudart'
CUDA_NVCC='/usr/local/cuda/bin/nvcc $(CUDA_NVCC_FLAGS) -Xcompiler "$(DEFAULT_INCLUDES) $(INCLUDES) $(AM_CPPFLAGS) $(CPPFLAGS)"'
CUDA_NVCC_FLAGS='-O3 -arch sm_30 -m64 -lineinfo'
CUFFT_CALLBACKS_CFLAGS=''
CUFFT_CALLBACKS_LIBS='_static -lculibos'
CUFFT_CFLAGS='-I/usr/local/cuda-7.5/include'
CUFFT_LIBS='-L/usr/local/cuda-7.5/lib64 -lcufft'
CXX='g++'
CXXCPP='g++ -E'
CXXDEPMODE='depmode=gcc3'
CXXFLAGS='-mtune=native -O3 -ffast-math -pthread'
CYGPATH_W='echo'
DEFS='-DHAVE_CONFIG_H'
DEPDIR='.deps'
DLLTOOL='false'
DSYMUTIL=''
DUMPBIN=''
ECHO_C=''
ECHO_N='-n'
ECHO_T=''
EGREP='/bin/grep -E'
EXEEXT=''
F77='gfortran'
FFLAGS=''
FGREP='/bin/grep -F'
FLIBS=' -L/usr/local/lib -L/usr/lib/gcc/x86_64-linux-gnu/4.8 -L/usr/lib/gcc/x86_64-linux-gnu/4.8/../../../x86_64-linux-gnu -L/usr/lib/gcc/x86_64-linux-gnu/4.8/../../../../lib -L/lib/x86_64-linux-gnu -L/lib/../lib -L/usr/lib/x86_64-linux-gnu -L/usr/lib/../lib -L/usr/lib/gcc/x86_64-linux-gnu/4.8/../../.. -lgfortran -lm -lquadmath'
GREP='/bin/grep'
GUPPI_DAQ_CFLAGS=''
GUPPI_DAQ_LIBS=''
HAVE_AFFINITY_FALSE='#'
HAVE_AFFINITY_TRUE=''
HAVE_CFITSIO_FALSE='#'
HAVE_CFITSIO_TRUE=''
HAVE_CUDA_FALSE='#'
HAVE_CUDA_TRUE=''
HAVE_CUFFT_CALLBACKS_FALSE=''
HAVE_CUFFT_CALLBACKS_TRUE='#'
HAVE_CUFFT_FALSE='#'
HAVE_CUFFT_TRUE=''
HAVE_GETOPT_LONG_FALSE='#'
HAVE_GETOPT_LONG_TRUE=''
HAVE_GUPPI_DAQ_FALSE=''
HAVE_GUPPI_DAQ_TRUE='#'
HAVE_MARK5ACCESS_FALSE=''
HAVE_MARK5ACCESS_TRUE='#'
HAVE_MPI_FALSE=''
HAVE_MPI_TRUE='#'
HAVE_OPENSSL_FALSE='#'
HAVE_OPENSSL_TRUE=''
HAVE_PGPLOT_FALSE='#'
HAVE_PGPLOT_TRUE=''
HAVE_PSRCHIVE_FALSE='#'
HAVE_PSRCHIVE_TRUE=''
HAVE_PSRDADA_FALSE='#'
HAVE_PSRDADA_TRUE=''
HAVE_PSRXML_FALSE=''
HAVE_PSRXML_TRUE='#'
HAVE_PYTHON_FALSE=''
HAVE_PYTHON_TRUE='#'
HAVE_apsr_FALSE=''
HAVE_apsr_TRUE='#'
HAVE_asp_FALSE=''
HAVE_asp_TRUE='#'
HAVE_bcpm_FALSE=''
HAVE_bcpm_TRUE='#'
HAVE_bpsr_FALSE='#'
HAVE_bpsr_TRUE=''
HAVE_caspsr_FALSE='#'
HAVE_caspsr_TRUE=''
HAVE_cpsr2_FALSE='#'
HAVE_cpsr2_TRUE=''
HAVE_cpsr_FALSE=''
HAVE_cpsr_TRUE='#'
HAVE_dada_FALSE='#'
HAVE_dada_TRUE=''
HAVE_dummy_FALSE=''
HAVE_dummy_TRUE='#'
HAVE_fadc_FALSE=''
HAVE_fadc_TRUE='#'
HAVE_fits_FALSE='#'
HAVE_fits_TRUE=''
HAVE_gmrt_FALSE='#'
HAVE_gmrt_TRUE=''
HAVE_guppi_FALSE=''
HAVE_guppi_TRUE='#'
HAVE_kat_FALSE='#'
HAVE_kat_TRUE=''
HAVE_lbadr64_FALSE=''
HAVE_lbadr64_TRUE='#'
HAVE_lbadr_FALSE=''
HAVE_lbadr_TRUE='#'
HAVE_lofar_dal_FALSE=''
HAVE_lofar_dal_TRUE='#'
HAVE_lump_FALSE=''
HAVE_lump_TRUE='#'
HAVE_lwa_FALSE=''
HAVE_lwa_TRUE='#'
HAVE_mark4_FALSE=''
HAVE_mark4_TRUE='#'
HAVE_mark5_FALSE=''
HAVE_mark5_TRUE='#'
HAVE_mark5b_FALSE=''
HAVE_mark5b_TRUE='#'
HAVE_maxim_FALSE=''
HAVE_maxim_TRUE='#'
HAVE_mwa_FALSE=''
HAVE_mwa_TRUE='#'
HAVE_pdev_FALSE=''
HAVE_pdev_TRUE='#'
HAVE_pmdaq_FALSE=''
HAVE_pmdaq_TRUE='#'
HAVE_puma2_FALSE=''
HAVE_puma2_TRUE='#'
HAVE_puma_FALSE=''
HAVE_puma_TRUE='#'
HAVE_s2_FALSE=''
HAVE_s2_TRUE='#'
HAVE_sigproc_FALSE='#'
HAVE_sigproc_TRUE=''
HAVE_ska1_FALSE='#'
HAVE_ska1_TRUE=''
HAVE_spda1k_FALSE=''
HAVE_spda1k_TRUE='#'
HAVE_spigot_FALSE=''
HAVE_spigot_TRUE='#'
HAVE_vdif_FALSE=''
HAVE_vdif_TRUE='#'
HAVE_wapp_FALSE=''
HAVE_wapp_TRUE='#'
INCLUDE_CPPFLAGS='-I/usr/local/kat/pulsar/linux_64/include'
INCLUDE_LDFLAGS='-L/usr/local/kat/pulsar/linux_64/lib -lpsrmore -lpsrbase -lpsrutil -L/usr/local/kat/pulsar/linux_64/lib -L/usr/local/lib -lfftw3f -lcfitsio -lpthread -lm -L/usr/local/kat/pulsar/linux_64/tempo2/lib -ltempo2pred -lm -L/usr/lib/gcc/x86_64-linux-gnu/4.8 -L/usr/lib/gcc/x86_64-linux-gnu/4.8/../../../x86_64-linux-gnu -L/usr/lib/gcc/x86_64-linux-gnu/4.8/../../../../lib -L/lib/x86_64-linux-gnu -L/lib/../lib -L/usr/lib/x86_64-linux-gnu -L/usr/lib/../lib -L/usr/lib/gcc/x86_64-linux-gnu/4.8/../../.. -lgfortran -lm -lquadmath'
INSTALL_DATA='/usr/bin/install -c -m 644 -p'
INSTALL_PROGRAM='${INSTALL}'
INSTALL_SCRIPT='${INSTALL}'
INSTALL_STRIP_PROGRAM='$(install_sh) -c -s'
LD='/usr/bin/ld -m elf_x86_64'
LDFLAGS='-L/usr/local/lib '
LIBOBJS=''
LIBS='-lm '
LIBTOOL='$(SHELL) $(top_builddir)/libtool'
LIPO=''
LN_S='ln -s'
LOGIN_ARCH='linux_64'
LTLIBOBJS=''
MAKEINFO='${SHELL} /usr/local/kat/pulsar/dspsr/config/missing makeinfo'
MANIFEST_TOOL=':'
MARK5ACCESS_CFLAGS=''
MARK5ACCESS_LIBS=''
MKDIR_P='/bin/mkdir -p'
MPI_CFLAGS=''
MPI_LIBS=''
NM='/usr/bin/nm -B'
NMEDIT=''
OBJDUMP='objdump'
OBJEXT='o'
OPENMP_CFLAGS='-fopenmp'
OPENSSL_LIBS='-lcrypto'
OTOOL64=''
OTOOL=''
PACKAGE='dspsr'
PACKAGES='/usr/local/kat/pulsar/linux_64'
PACKAGE_BUGREPORT='dspsr-developers@lists.sourceforge.net'
PACKAGE_NAME='DSPSR'
PACKAGE_STRING='DSPSR 2016-06+'
PACKAGE_TARNAME='dspsr'
PACKAGE_URL=''
PACKAGE_VERSION='2016-06+'
PATH_SEPARATOR=':'
PGPLOT_CFLAGS='-I/usr/local/kat/pulsar/pgplot'
PGPLOT_LIBS='-L/usr/local/kat/pulsar/pgplot -lcpgplot -lpgplot  -L/usr/local/lib -L/usr/lib/gcc/x86_64-linux-gnu/4.8 -L/usr/lib/gcc/x86_64-linux-gnu/4.8/../../../x86_64-linux-gnu -L/usr/lib/gcc/x86_64-linux-gnu/4.8/../../../../lib -L/lib/x86_64-linux-gnu -L/lib/../lib -L/usr/lib/x86_64-linux-gnu -L/usr/lib/../lib -L/usr/lib/gcc/x86_64-linux-gnu/4.8/../../.. -lgfortran -lm -lquadmath '
PSRCHIVE_ACLOCAL='/usr/local/kat/pulsar/linux_64/share/aclocal'
PSRCHIVE_CFLAGS='-I/usr/local/kat/pulsar/linux_64/include'
PSRCHIVE_CPPFLAGS='-I/usr/local/kat/pulsar/linux_64/include'
PSRCHIVE_INCLUDE='-I/usr/local/kat/pulsar/linux_64/include'
PSRCHIVE_LIBS='-L/usr/local/kat/pulsar/linux_64/lib -lpsrmore -lpsrbase -lpsrutil -L/usr/local/kat/pulsar/linux_64/lib -L/usr/local/lib -lfftw3f -lcfitsio -lpthread -lm -L/usr/local/kat/pulsar/linux_64/tempo2/lib -ltempo2pred -lm -L/usr/lib/gcc/x86_64-linux-gnu/4.8 -L/usr/lib/gcc/x86_64-linux-gnu/4.8/../../../x86_64-linux-gnu -L/usr/lib/gcc/x86_64-linux-gnu/4.8/../../../../lib -L/lib/x86_64-linux-gnu -L/lib/../lib -L/usr/lib/x86_64-linux-gnu -L/usr/lib/../lib -L/usr/lib/gcc/x86_64-linux-gnu/4.8/../../.. -lgfortran -lm -lquadmath'
PSRDADA_CFLAGS='-I/usr/local/kat/pulsar/linux_64/include'
PSRDADA_LIBS=' -L/usr/local/kat/pulsar/linux_64/lib -lpsrdada'
PSRHOME='/usr/local/kat/pulsar'
PSRPLOT_LIBS='-L/usr/local/kat/pulsar/linux_64/lib -lpsrplot -I/usr/local/kat/pulsar/pgplot -L/usr/local/kat/pulsar/pgplot -lcpgplot -lpgplot -L/usr/lib/gcc/x86_64-linux-gnu/4.8 -L/usr/lib/gcc/x86_64-linux-gnu/4.8/../../../x86_64-linux-gnu -L/usr/lib/gcc/x86_64-linux-gnu/4.8/../../../../lib -L/lib/x86_64-linux-gnu -L/lib/../lib -L/usr/lib/x86_64-linux-gnu -L/usr/lib/../lib -L/usr/lib/gcc/x86_64-linux-gnu/4.8/../../.. -lgfortran -lm -lquadmath'
PSRXML_CFLAGS=''
PSRXML_LIBS=''
PYTHON=':'
PYTHON_CPPFLAGS=''
PYTHON_EXEC_PREFIX=''
PYTHON_EXTRA_LIBS=''
PYTHON_LDFLAGS=''
PYTHON_PLATFORM=''
PYTHON_PREFIX=''
PYTHON_SITE_PKG=''
PYTHON_VERSION=''
RANLIB='ranlib'
SED='/bin/sed'
SET_MAKE=''
SHELL='/bin/bash'
SOCKET_LIBS=''
STRIP='strip'
SWIG=''
SWIG_LIB=''
SWIG_PYTHON_CPPFLAGS=''
SWIG_PYTHON_OPT=''
VERSION='2016-06+'
XMKMF=''
XML2_CONFIG='/usr/bin/xml2-config'
XML_CPPFLAGS='-I/usr/include/libxml2'
XML_LIBS='-lxml2'
X_CFLAGS=''
X_EXTRA_LIBS=''
X_LIBS=''
X_PRE_LIBS=''
ac_ct_AR='ar'
ac_ct_CC='gcc'
ac_ct_CXX='g++'
ac_ct_DUMPBIN=''
ac_ct_F77='gfortran'
am__EXEEXT_FALSE=''
am__EXEEXT_TRUE='#'
am__fastdepCC_FALSE='#'
am__fastdepCC_TRUE=''
am__fastdepCXX_FALSE='#'
am__fastdepCXX_TRUE=''
am__include='include'
am__isrc=''
am__leading_dot='.'
am__nodep='_no'
am__quote=''
am__tar='$${TAR-tar} chof - "$$tardir"'
am__untar='$${TAR-tar} xf -'
bindir='${exec_prefix}/bin'
build='x86_64-unknown-linux-gnu'
build_alias=''
build_cpu='x86_64'
build_os='linux-gnu'
build_vendor='unknown'
cuda_nvcc='/usr/local/cuda/bin/nvcc'
datadir='${datarootdir}'
datarootdir='${prefix}/share'
docdir='${datarootdir}/doc/${PACKAGE_TARNAME}'
dvidir='${docdir}'
exec_prefix='${prefix}'
host='x86_64-unknown-linux-gnu'
host_alias=''
host_cpu='x86_64'
host_os='linux-gnu'
host_vendor='unknown'
htmldir='${docdir}'
includedir='${prefix}/include'
infodir='${datarootdir}/info'
install_sh='CPPROG='\''cp -p'\'' ${SHELL} /usr/local/kat/pulsar/dspsr/config/install-sh'
libdir='${exec_prefix}/lib'
libexecdir='${exec_prefix}/libexec'
localedir='${datarootdir}/locale'
localstatedir='${prefix}/var'
mandir='${datarootdir}/man'
mkdir_p='$(MKDIR_P)'
oldincludedir='/usr/include'
pdfdir='${docdir}'
pkgpyexecdir=''
pkgpythondir=''
prefix='/usr/local/kat/pulsar/linux_64'
program_transform_name='s,x,x,'
psdir='${docdir}'
psrchive_config='/usr/local/kat/pulsar/linux_64/bin/psrchive'
pyexecdir=''
pythondir=''
sbindir='${exec_prefix}/sbin'
sharedstatedir='${prefix}/com'
sysconfdir='${prefix}/etc'
target_alias=''

## ----------- ##
## confdefs.h. ##
## ----------- ##

/* confdefs.h */
#define PACKAGE_NAME "DSPSR"
#define PACKAGE_TARNAME "dspsr"
#define PACKAGE_VERSION "2016-06+"
#define PACKAGE_STRING "DSPSR 2016-06+"
#define PACKAGE_BUGREPORT "dspsr-developers@lists.sourceforge.net"
#define PACKAGE_URL ""
#define PACKAGE "dspsr"
#define VERSION "2016-06+"
#define HAVE_bpsr 1
#define HAVE_caspsr 1
#define HAVE_cpsr2 1
#define HAVE_dada 1
#define HAVE_fits 1
#define HAVE_gmrt 1
#define HAVE_kat 1
#define HAVE_sigproc 1
#define HAVE_ska1 1
#define STDC_HEADERS 1
#define HAVE_SYS_TYPES_H 1
#define HAVE_SYS_STAT_H 1
#define HAVE_STDLIB_H 1
#define HAVE_STRING_H 1
#define HAVE_MEMORY_H 1
#define HAVE_STRINGS_H 1
#define HAVE_INTTYPES_H 1
#define HAVE_STDINT_H 1
#define HAVE_UNISTD_H 1
#define HAVE_DLFCN_H 1
#define LT_OBJDIR ".libs/"
#define HAVE_LIBM 1
#define HAVE_PSRCHIVE 1
#define HAVE_PSRDADA 1
#define HAVE_CFITSIO 1
#define HAVE_CUDA 1
#define HAVE_CUFFT 1
#define HAVE_OPENMP 1
#define HAVE_PGPLOT 1
#define HAVE_MALLOC_H 1
#define HAVE_OPENSSL_SHA_H 1
#define HAVE_GETOPT_H 1
#define HAVE_GETOPT_LONG 1
#define HAVE_SCHED_H 1
#define HAVE_SCHED_SETAFFINITY 1

configure: exit 0
